2025-06-27 00:07:00,771 - werkzeug - WARNING -  * Debugger is active!
2025-06-27 00:07:00,834 - werkzeug - INFO -  * Debugger PIN: 137-106-568
2025-06-27 00:07:02,845 - app.controllers.equipment_controller - INFO - 收到筛选参数: {'page': '1', 'page_size': '10', 'level_min': '60', 'level_max': '160', 'price_min': '200', 'kindid': ['17'], 'sort_by': 'price', 'sort_order': 'asc'}
2025-06-27 00:07:02,845 - app.controllers.equipment_controller - INFO - 收到筛选参数: {'page': '1', 'page_size': '10', 'level_min': '60', 'level_max': '160', 'price_min': '200', 'kindid': ['17'], 'sort_by': 'price', 'sort_order': 'asc'}
2025-06-27 00:07:02,859 - app.controllers.equipment_controller - INFO - 处理后的筛选参数: {'level_min': 60, 'level_max': 160, 'price_min': 200.0, 'price_max': None, 'kindid': ['17'], 'equip_special_skills': None, 'equip_special_effect': None, 'suit_effect': None, 'suit_added_status': None, 'suit_transform_skills': None, 'suit_transform_charms': None, 'gem_value': None, 'gem_level': None, 'sort_by': 'price', 'sort_order': 'asc'}
2025-06-27 00:07:02,859 - app.controllers.equipment_controller - INFO - 处理后的筛选参数: {'level_min': 60, 'level_max': 160, 'price_min': 200.0, 'price_max': None, 'kindid': ['17'], 'equip_special_skills': None, 'equip_special_effect': None, 'suit_effect': None, 'suit_added_status': None, 'suit_transform_skills': None, 'suit_transform_charms': None, 'gem_value': None, 'gem_level': None, 'sort_by': 'price', 'sort_order': 'asc'}
2025-06-27 00:07:02,860 - app.services.equipment_service - INFO - 开始处理筛选条件，参数: level_min=60, level_max=160, price_min=200.0, price_max=None
2025-06-27 00:07:02,860 - app.services.equipment_service - INFO - 开始处理筛选条件，参数: level_min=60, level_max=160, price_min=200.0, price_max=None
2025-06-27 00:07:02,860 - app.services.equipment_service - INFO - 多选参数: kindid=['17'], equip_special_skills=None, equip_special_effect=None
2025-06-27 00:07:02,860 - app.services.equipment_service - INFO - 多选参数: kindid=['17'], equip_special_skills=None, equip_special_effect=None
2025-06-27 00:07:02,861 - app.services.equipment_service - INFO - 添加装备类型筛选: kindid IN (?), 值: ['17']
2025-06-27 00:07:02,861 - app.services.equipment_service - INFO - 添加装备类型筛选: kindid IN (?), 值: ['17']
2025-06-27 00:07:02,861 - app.services.equipment_service - INFO - 生成的WHERE子句: WHERE (level >= ? OR equip_level >= ?) AND (level <= ? OR equip_level <= ?) AND price >= ? AND kindid IN (?)
2025-06-27 00:07:02,861 - app.services.equipment_service - INFO - 生成的WHERE子句: WHERE (level >= ? OR equip_level >= ?) AND (level <= ? OR equip_level <= ?) AND price >= ? AND kindid IN (?)
2025-06-27 00:07:02,861 - app.services.equipment_service - INFO - SQL参数: [60, 60, 160, 160, 20000.0, '17']
2025-06-27 00:07:02,861 - app.services.equipment_service - INFO - SQL参数: [60, 60, 160, 160, 20000.0, '17']
2025-06-27 00:07:02,891 - app.services.equipment_service - INFO - 查询到的总数: 368
2025-06-27 00:07:02,891 - app.services.equipment_service - INFO - 查询到的总数: 368
2025-06-27 00:07:02,893 - app.services.equipment_service - INFO - 完整查询SQL: SELECT * FROM equipments WHERE (level >= ? OR equip_level >= ?) AND (level <= ? OR equip_level <= ?) AND price >= ? AND kindid IN (?) ORDER BY price ASC LIMIT ? OFFSET ?
2025-06-27 00:07:02,893 - app.services.equipment_service - INFO - 完整查询SQL: SELECT * FROM equipments WHERE (level >= ? OR equip_level >= ?) AND (level <= ? OR equip_level <= ?) AND price >= ? AND kindid IN (?) ORDER BY price ASC LIMIT ? OFFSET ?
2025-06-27 00:07:02,893 - app.services.equipment_service - INFO - 查询参数: [60, 60, 160, 160, 20000.0, '17', 10, 0]
2025-06-27 00:07:02,893 - app.services.equipment_service - INFO - 查询参数: [60, 60, 160, 160, 20000.0, '17', 10, 0]
2025-06-27 00:07:02,924 - app.services.equipment_service - INFO - 查询到的装备数量: 10
2025-06-27 00:07:02,924 - app.services.equipment_service - INFO - 查询到的装备数量: 10
2025-06-27 00:07:02,929 - werkzeug - INFO - 127.0.0.1 - - [27/Jun/2025 00:07:02] "GET /api/v1/equipment/?price_min=200&kindid[]=17&sort_by=price&sort_order=asc&page=1&page_size=10&level_min=60&level_max=160 HTTP/1.1" 200 -
2025-06-27 00:07:07,262 - evaluator.mark_anchor.equip.index - WARNING - 数据处理统计: 总数=128, 成功=127, 失败=0, 排除自身=1
2025-06-27 00:07:07,595 - evaluator.mark_anchor.equip.index - WARNING - 数据处理统计: 总数=128, 成功=127, 失败=0, 排除自身=1
2025-06-27 00:07:08,210 - werkzeug - INFO - 127.0.0.1 - - [27/Jun/2025 00:07:08] "POST /api/v1/equipment/valuation HTTP/1.1" 200 -
2025-06-27 00:07:47,953 - evaluator.mark_anchor.equip.index - WARNING - 数据处理统计: 总数=86, 成功=85, 失败=0, 排除自身=1
2025-06-27 00:07:47,970 - evaluator.mark_anchor.equip.index - WARNING - 数据处理统计: 总数=86, 成功=85, 失败=0, 排除自身=1
2025-06-27 00:07:48,321 - evaluator.mark_anchor.equip.index - WARNING - 数据处理统计: 总数=86, 成功=85, 失败=0, 排除自身=1
2025-06-27 00:07:48,333 - evaluator.mark_anchor.equip.index - WARNING - 数据处理统计: 总数=86, 成功=85, 失败=0, 排除自身=1
2025-06-27 00:07:49,165 - werkzeug - INFO - 127.0.0.1 - - [27/Jun/2025 00:07:49] "POST /api/v1/equipment/valuation HTTP/1.1" 200 -
2025-06-27 00:07:49,170 - werkzeug - INFO - 127.0.0.1 - - [27/Jun/2025 00:07:49] "POST /api/v1/equipment/valuation HTTP/1.1" 200 -
2025-06-27 00:07:54,646 - app.controllers.equipment_controller - INFO - 收到筛选参数: {'page': '1', 'page_size': '10', 'level_min': '60', 'level_max': '160', 'price_min': '200', 'kindid': ['17'], 'sort_by': 'price', 'sort_order': 'asc'}
2025-06-27 00:07:54,646 - app.controllers.equipment_controller - INFO - 收到筛选参数: {'page': '1', 'page_size': '10', 'level_min': '60', 'level_max': '160', 'price_min': '200', 'kindid': ['17'], 'sort_by': 'price', 'sort_order': 'asc'}
2025-06-27 00:07:54,649 - app.controllers.equipment_controller - INFO - 处理后的筛选参数: {'level_min': 60, 'level_max': 160, 'price_min': 200.0, 'price_max': None, 'kindid': ['17'], 'equip_special_skills': None, 'equip_special_effect': None, 'suit_effect': None, 'suit_added_status': None, 'suit_transform_skills': None, 'suit_transform_charms': None, 'gem_value': None, 'gem_level': None, 'sort_by': 'price', 'sort_order': 'asc'}
2025-06-27 00:07:54,649 - app.controllers.equipment_controller - INFO - 处理后的筛选参数: {'level_min': 60, 'level_max': 160, 'price_min': 200.0, 'price_max': None, 'kindid': ['17'], 'equip_special_skills': None, 'equip_special_effect': None, 'suit_effect': None, 'suit_added_status': None, 'suit_transform_skills': None, 'suit_transform_charms': None, 'gem_value': None, 'gem_level': None, 'sort_by': 'price', 'sort_order': 'asc'}
2025-06-27 00:07:54,650 - app.services.equipment_service - INFO - 开始处理筛选条件，参数: level_min=60, level_max=160, price_min=200.0, price_max=None
2025-06-27 00:07:54,650 - app.services.equipment_service - INFO - 开始处理筛选条件，参数: level_min=60, level_max=160, price_min=200.0, price_max=None
2025-06-27 00:07:54,650 - app.services.equipment_service - INFO - 多选参数: kindid=['17'], equip_special_skills=None, equip_special_effect=None
2025-06-27 00:07:54,650 - app.services.equipment_service - INFO - 多选参数: kindid=['17'], equip_special_skills=None, equip_special_effect=None
2025-06-27 00:07:54,651 - app.services.equipment_service - INFO - 添加装备类型筛选: kindid IN (?), 值: ['17']
2025-06-27 00:07:54,651 - app.services.equipment_service - INFO - 添加装备类型筛选: kindid IN (?), 值: ['17']
2025-06-27 00:07:54,651 - app.services.equipment_service - INFO - 生成的WHERE子句: WHERE (level >= ? OR equip_level >= ?) AND (level <= ? OR equip_level <= ?) AND price >= ? AND kindid IN (?)
2025-06-27 00:07:54,651 - app.services.equipment_service - INFO - 生成的WHERE子句: WHERE (level >= ? OR equip_level >= ?) AND (level <= ? OR equip_level <= ?) AND price >= ? AND kindid IN (?)
2025-06-27 00:07:54,651 - app.services.equipment_service - INFO - SQL参数: [60, 60, 160, 160, 20000.0, '17']
2025-06-27 00:07:54,651 - app.services.equipment_service - INFO - SQL参数: [60, 60, 160, 160, 20000.0, '17']
2025-06-27 00:07:54,694 - app.services.equipment_service - INFO - 查询到的总数: 368
2025-06-27 00:07:54,694 - app.services.equipment_service - INFO - 查询到的总数: 368
2025-06-27 00:07:54,695 - app.services.equipment_service - INFO - 完整查询SQL: SELECT * FROM equipments WHERE (level >= ? OR equip_level >= ?) AND (level <= ? OR equip_level <= ?) AND price >= ? AND kindid IN (?) ORDER BY price ASC LIMIT ? OFFSET ?
2025-06-27 00:07:54,695 - app.services.equipment_service - INFO - 完整查询SQL: SELECT * FROM equipments WHERE (level >= ? OR equip_level >= ?) AND (level <= ? OR equip_level <= ?) AND price >= ? AND kindid IN (?) ORDER BY price ASC LIMIT ? OFFSET ?
2025-06-27 00:07:54,695 - app.services.equipment_service - INFO - 查询参数: [60, 60, 160, 160, 20000.0, '17', 10, 0]
2025-06-27 00:07:54,695 - app.services.equipment_service - INFO - 查询参数: [60, 60, 160, 160, 20000.0, '17', 10, 0]
2025-06-27 00:07:54,719 - app.services.equipment_service - INFO - 查询到的装备数量: 10
2025-06-27 00:07:54,719 - app.services.equipment_service - INFO - 查询到的装备数量: 10
2025-06-27 00:07:54,726 - werkzeug - INFO - 127.0.0.1 - - [27/Jun/2025 00:07:54] "GET /api/v1/equipment/?price_min=200&kindid[]=17&sort_by=price&sort_order=asc&page=1&page_size=10&level_min=60&level_max=160 HTTP/1.1" 200 -
2025-06-27 00:07:56,115 - evaluator.mark_anchor.equip.index - WARNING - 数据处理统计: 总数=128, 成功=127, 失败=0, 排除自身=1
2025-06-27 00:07:56,454 - evaluator.mark_anchor.equip.index - WARNING - 数据处理统计: 总数=128, 成功=127, 失败=0, 排除自身=1
2025-06-27 00:07:57,091 - werkzeug - INFO - 127.0.0.1 - - [27/Jun/2025 00:07:57] "POST /api/v1/equipment/valuation HTTP/1.1" 200 -
2025-06-27 00:08:17,771 - app.controllers.equipment_controller - INFO - 收到筛选参数: {'page': '1', 'page_size': '10', 'level_min': '60', 'level_max': '160', 'price_min': '200', 'kindid': ['17'], 'suit_added_status': '4015', 'sort_by': 'price', 'sort_order': 'asc'}
2025-06-27 00:08:17,771 - app.controllers.equipment_controller - INFO - 收到筛选参数: {'page': '1', 'page_size': '10', 'level_min': '60', 'level_max': '160', 'price_min': '200', 'kindid': ['17'], 'suit_added_status': '4015', 'sort_by': 'price', 'sort_order': 'asc'}
2025-06-27 00:08:17,778 - app.controllers.equipment_controller - INFO - 处理后的筛选参数: {'level_min': 60, 'level_max': 160, 'price_min': 200.0, 'price_max': None, 'kindid': ['17'], 'equip_special_skills': None, 'equip_special_effect': None, 'suit_effect': None, 'suit_added_status': '4015', 'suit_transform_skills': None, 'suit_transform_charms': None, 'gem_value': None, 'gem_level': None, 'sort_by': 'price', 'sort_order': 'asc'}
2025-06-27 00:08:17,778 - app.controllers.equipment_controller - INFO - 处理后的筛选参数: {'level_min': 60, 'level_max': 160, 'price_min': 200.0, 'price_max': None, 'kindid': ['17'], 'equip_special_skills': None, 'equip_special_effect': None, 'suit_effect': None, 'suit_added_status': '4015', 'suit_transform_skills': None, 'suit_transform_charms': None, 'gem_value': None, 'gem_level': None, 'sort_by': 'price', 'sort_order': 'asc'}
2025-06-27 00:08:17,780 - app.services.equipment_service - INFO - 开始处理筛选条件，参数: level_min=60, level_max=160, price_min=200.0, price_max=None
2025-06-27 00:08:17,780 - app.services.equipment_service - INFO - 开始处理筛选条件，参数: level_min=60, level_max=160, price_min=200.0, price_max=None
2025-06-27 00:08:17,780 - app.services.equipment_service - INFO - 多选参数: kindid=['17'], equip_special_skills=None, equip_special_effect=None
2025-06-27 00:08:17,780 - app.services.equipment_service - INFO - 多选参数: kindid=['17'], equip_special_skills=None, equip_special_effect=None
2025-06-27 00:08:17,780 - app.services.equipment_service - INFO - 添加装备类型筛选: kindid IN (?), 值: ['17']
2025-06-27 00:08:17,780 - app.services.equipment_service - INFO - 添加装备类型筛选: kindid IN (?), 值: ['17']
2025-06-27 00:08:17,781 - app.services.equipment_service - INFO - 添加套装附加状态筛选: suit_effect = 4015
2025-06-27 00:08:17,781 - app.services.equipment_service - INFO - 添加套装附加状态筛选: suit_effect = 4015
2025-06-27 00:08:17,781 - app.services.equipment_service - INFO - 生成的WHERE子句: WHERE (level >= ? OR equip_level >= ?) AND (level <= ? OR equip_level <= ?) AND price >= ? AND kindid IN (?) AND suit_effect = ?
2025-06-27 00:08:17,781 - app.services.equipment_service - INFO - 生成的WHERE子句: WHERE (level >= ? OR equip_level >= ?) AND (level <= ? OR equip_level <= ?) AND price >= ? AND kindid IN (?) AND suit_effect = ?
2025-06-27 00:08:17,782 - app.services.equipment_service - INFO - SQL参数: [60, 60, 160, 160, 20000.0, '17', '4015']
2025-06-27 00:08:17,782 - app.services.equipment_service - INFO - SQL参数: [60, 60, 160, 160, 20000.0, '17', '4015']
2025-06-27 00:08:17,807 - app.services.equipment_service - INFO - 查询到的总数: 6
2025-06-27 00:08:17,807 - app.services.equipment_service - INFO - 查询到的总数: 6
2025-06-27 00:08:17,807 - app.services.equipment_service - INFO - 完整查询SQL: SELECT * FROM equipments WHERE (level >= ? OR equip_level >= ?) AND (level <= ? OR equip_level <= ?) AND price >= ? AND kindid IN (?) AND suit_effect = ? ORDER BY price ASC LIMIT ? OFFSET ?
2025-06-27 00:08:17,807 - app.services.equipment_service - INFO - 完整查询SQL: SELECT * FROM equipments WHERE (level >= ? OR equip_level >= ?) AND (level <= ? OR equip_level <= ?) AND price >= ? AND kindid IN (?) AND suit_effect = ? ORDER BY price ASC LIMIT ? OFFSET ?
2025-06-27 00:08:17,810 - app.services.equipment_service - INFO - 查询参数: [60, 60, 160, 160, 20000.0, '17', '4015', 10, 0]
2025-06-27 00:08:17,810 - app.services.equipment_service - INFO - 查询参数: [60, 60, 160, 160, 20000.0, '17', '4015', 10, 0]
2025-06-27 00:08:17,833 - app.services.equipment_service - INFO - 查询到的装备数量: 6
2025-06-27 00:08:17,833 - app.services.equipment_service - INFO - 查询到的装备数量: 6
2025-06-27 00:08:17,837 - werkzeug - INFO - 127.0.0.1 - - [27/Jun/2025 00:08:17] "GET /api/v1/equipment/?price_min=200&kindid[]=17&suit_effect[]=added_status&suit_effect[]=added_status_4015&sort_by=price&sort_order=asc&page=1&page_size=10&level_min=60&level_max=160&suit_added_status=4015 HTTP/1.1" 200 -
2025-06-27 00:09:23,424 - werkzeug - INFO -  * Detected change in 'E:\\workspace\\mh\\test_suit_effect_similarity.py', reloading
2025-06-27 00:09:25,504 - werkzeug - WARNING -  * Debugger is active!
2025-06-27 00:09:25,512 - werkzeug - INFO -  * Debugger PIN: 137-106-568
2025-06-27 00:10:14,610 - app.controllers.equipment_controller - INFO - 收到筛选参数: {'page': '1', 'page_size': '10', 'level_min': '60', 'level_max': '160', 'price_min': '200', 'kindid': ['17'], 'sort_by': 'price', 'sort_order': 'asc'}
2025-06-27 00:10:14,610 - app.controllers.equipment_controller - INFO - 收到筛选参数: {'page': '1', 'page_size': '10', 'level_min': '60', 'level_max': '160', 'price_min': '200', 'kindid': ['17'], 'sort_by': 'price', 'sort_order': 'asc'}
2025-06-27 00:10:14,620 - app.controllers.equipment_controller - INFO - 处理后的筛选参数: {'level_min': 60, 'level_max': 160, 'price_min': 200.0, 'price_max': None, 'kindid': ['17'], 'equip_special_skills': None, 'equip_special_effect': None, 'suit_effect': None, 'suit_added_status': None, 'suit_transform_skills': None, 'suit_transform_charms': None, 'gem_value': None, 'gem_level': None, 'sort_by': 'price', 'sort_order': 'asc'}
2025-06-27 00:10:14,620 - app.controllers.equipment_controller - INFO - 处理后的筛选参数: {'level_min': 60, 'level_max': 160, 'price_min': 200.0, 'price_max': None, 'kindid': ['17'], 'equip_special_skills': None, 'equip_special_effect': None, 'suit_effect': None, 'suit_added_status': None, 'suit_transform_skills': None, 'suit_transform_charms': None, 'gem_value': None, 'gem_level': None, 'sort_by': 'price', 'sort_order': 'asc'}
2025-06-27 00:10:14,622 - app.services.equipment_service - INFO - 开始处理筛选条件，参数: level_min=60, level_max=160, price_min=200.0, price_max=None
2025-06-27 00:10:14,622 - app.services.equipment_service - INFO - 开始处理筛选条件，参数: level_min=60, level_max=160, price_min=200.0, price_max=None
2025-06-27 00:10:14,624 - app.services.equipment_service - INFO - 多选参数: kindid=['17'], equip_special_skills=None, equip_special_effect=None
2025-06-27 00:10:14,624 - app.services.equipment_service - INFO - 多选参数: kindid=['17'], equip_special_skills=None, equip_special_effect=None
2025-06-27 00:10:14,624 - app.services.equipment_service - INFO - 添加装备类型筛选: kindid IN (?), 值: ['17']
2025-06-27 00:10:14,624 - app.services.equipment_service - INFO - 添加装备类型筛选: kindid IN (?), 值: ['17']
2025-06-27 00:10:14,625 - app.services.equipment_service - INFO - 生成的WHERE子句: WHERE (level >= ? OR equip_level >= ?) AND (level <= ? OR equip_level <= ?) AND price >= ? AND kindid IN (?)
2025-06-27 00:10:14,625 - app.services.equipment_service - INFO - 生成的WHERE子句: WHERE (level >= ? OR equip_level >= ?) AND (level <= ? OR equip_level <= ?) AND price >= ? AND kindid IN (?)
2025-06-27 00:10:14,625 - app.services.equipment_service - INFO - SQL参数: [60, 60, 160, 160, 20000.0, '17']
2025-06-27 00:10:14,625 - app.services.equipment_service - INFO - SQL参数: [60, 60, 160, 160, 20000.0, '17']
2025-06-27 00:10:14,710 - app.services.equipment_service - INFO - 查询到的总数: 368
2025-06-27 00:10:14,710 - app.services.equipment_service - INFO - 查询到的总数: 368
2025-06-27 00:10:14,712 - app.services.equipment_service - INFO - 完整查询SQL: SELECT * FROM equipments WHERE (level >= ? OR equip_level >= ?) AND (level <= ? OR equip_level <= ?) AND price >= ? AND kindid IN (?) ORDER BY price ASC LIMIT ? OFFSET ?
2025-06-27 00:10:14,712 - app.services.equipment_service - INFO - 完整查询SQL: SELECT * FROM equipments WHERE (level >= ? OR equip_level >= ?) AND (level <= ? OR equip_level <= ?) AND price >= ? AND kindid IN (?) ORDER BY price ASC LIMIT ? OFFSET ?
2025-06-27 00:10:14,712 - app.services.equipment_service - INFO - 查询参数: [60, 60, 160, 160, 20000.0, '17', 10, 0]
2025-06-27 00:10:14,712 - app.services.equipment_service - INFO - 查询参数: [60, 60, 160, 160, 20000.0, '17', 10, 0]
2025-06-27 00:10:14,747 - app.services.equipment_service - INFO - 查询到的装备数量: 10
2025-06-27 00:10:14,747 - app.services.equipment_service - INFO - 查询到的装备数量: 10
2025-06-27 00:10:14,753 - werkzeug - INFO - 127.0.0.1 - - [27/Jun/2025 00:10:14] "GET /api/v1/equipment/?price_min=200&kindid[]=17&sort_by=price&sort_order=asc&page=1&page_size=10&level_min=60&level_max=160 HTTP/1.1" 200 -
2025-06-27 00:10:21,757 - app.controllers.equipment_controller - INFO - 收到筛选参数: {'page': '1', 'page_size': '10', 'level_min': '60', 'level_max': '160', 'price_min': '200', 'kindid': ['17'], 'suit_added_status': '4015', 'sort_by': 'price', 'sort_order': 'asc'}
2025-06-27 00:10:21,757 - app.controllers.equipment_controller - INFO - 收到筛选参数: {'page': '1', 'page_size': '10', 'level_min': '60', 'level_max': '160', 'price_min': '200', 'kindid': ['17'], 'suit_added_status': '4015', 'sort_by': 'price', 'sort_order': 'asc'}
2025-06-27 00:10:21,784 - app.controllers.equipment_controller - INFO - 处理后的筛选参数: {'level_min': 60, 'level_max': 160, 'price_min': 200.0, 'price_max': None, 'kindid': ['17'], 'equip_special_skills': None, 'equip_special_effect': None, 'suit_effect': None, 'suit_added_status': '4015', 'suit_transform_skills': None, 'suit_transform_charms': None, 'gem_value': None, 'gem_level': None, 'sort_by': 'price', 'sort_order': 'asc'}
2025-06-27 00:10:21,784 - app.controllers.equipment_controller - INFO - 处理后的筛选参数: {'level_min': 60, 'level_max': 160, 'price_min': 200.0, 'price_max': None, 'kindid': ['17'], 'equip_special_skills': None, 'equip_special_effect': None, 'suit_effect': None, 'suit_added_status': '4015', 'suit_transform_skills': None, 'suit_transform_charms': None, 'gem_value': None, 'gem_level': None, 'sort_by': 'price', 'sort_order': 'asc'}
2025-06-27 00:10:21,786 - app.services.equipment_service - INFO - 开始处理筛选条件，参数: level_min=60, level_max=160, price_min=200.0, price_max=None
2025-06-27 00:10:21,786 - app.services.equipment_service - INFO - 开始处理筛选条件，参数: level_min=60, level_max=160, price_min=200.0, price_max=None
2025-06-27 00:10:21,786 - app.services.equipment_service - INFO - 多选参数: kindid=['17'], equip_special_skills=None, equip_special_effect=None
2025-06-27 00:10:21,786 - app.services.equipment_service - INFO - 多选参数: kindid=['17'], equip_special_skills=None, equip_special_effect=None
2025-06-27 00:10:21,793 - app.services.equipment_service - INFO - 添加装备类型筛选: kindid IN (?), 值: ['17']
2025-06-27 00:10:21,793 - app.services.equipment_service - INFO - 添加装备类型筛选: kindid IN (?), 值: ['17']
2025-06-27 00:10:21,793 - app.services.equipment_service - INFO - 添加套装附加状态筛选: suit_effect = 4015
2025-06-27 00:10:21,793 - app.services.equipment_service - INFO - 添加套装附加状态筛选: suit_effect = 4015
2025-06-27 00:10:21,793 - app.services.equipment_service - INFO - 生成的WHERE子句: WHERE (level >= ? OR equip_level >= ?) AND (level <= ? OR equip_level <= ?) AND price >= ? AND kindid IN (?) AND suit_effect = ?
2025-06-27 00:10:21,793 - app.services.equipment_service - INFO - 生成的WHERE子句: WHERE (level >= ? OR equip_level >= ?) AND (level <= ? OR equip_level <= ?) AND price >= ? AND kindid IN (?) AND suit_effect = ?
2025-06-27 00:10:21,794 - app.services.equipment_service - INFO - SQL参数: [60, 60, 160, 160, 20000.0, '17', '4015']
2025-06-27 00:10:21,794 - app.services.equipment_service - INFO - SQL参数: [60, 60, 160, 160, 20000.0, '17', '4015']
2025-06-27 00:10:21,821 - app.services.equipment_service - INFO - 查询到的总数: 6
2025-06-27 00:10:21,821 - app.services.equipment_service - INFO - 查询到的总数: 6
2025-06-27 00:10:21,822 - app.services.equipment_service - INFO - 完整查询SQL: SELECT * FROM equipments WHERE (level >= ? OR equip_level >= ?) AND (level <= ? OR equip_level <= ?) AND price >= ? AND kindid IN (?) AND suit_effect = ? ORDER BY price ASC LIMIT ? OFFSET ?
2025-06-27 00:10:21,822 - app.services.equipment_service - INFO - 完整查询SQL: SELECT * FROM equipments WHERE (level >= ? OR equip_level >= ?) AND (level <= ? OR equip_level <= ?) AND price >= ? AND kindid IN (?) AND suit_effect = ? ORDER BY price ASC LIMIT ? OFFSET ?
2025-06-27 00:10:21,822 - app.services.equipment_service - INFO - 查询参数: [60, 60, 160, 160, 20000.0, '17', '4015', 10, 0]
2025-06-27 00:10:21,822 - app.services.equipment_service - INFO - 查询参数: [60, 60, 160, 160, 20000.0, '17', '4015', 10, 0]
2025-06-27 00:10:21,844 - app.services.equipment_service - INFO - 查询到的装备数量: 6
2025-06-27 00:10:21,844 - app.services.equipment_service - INFO - 查询到的装备数量: 6
2025-06-27 00:10:21,847 - werkzeug - INFO - 127.0.0.1 - - [27/Jun/2025 00:10:21] "GET /api/v1/equipment/?price_min=200&kindid[]=17&suit_effect[]=added_status&suit_effect[]=added_status_4015&sort_by=price&sort_order=asc&page=1&page_size=10&level_min=60&level_max=160&suit_added_status=4015 HTTP/1.1" 200 -
2025-06-27 00:10:23,421 - evaluator.mark_anchor.equip.index - WARNING - 数据处理统计: 总数=128, 成功=127, 失败=0, 排除自身=1
2025-06-27 00:10:23,728 - evaluator.mark_anchor.equip.index - WARNING - 数据处理统计: 总数=128, 成功=127, 失败=0, 排除自身=1
2025-06-27 00:10:24,377 - werkzeug - INFO - 127.0.0.1 - - [27/Jun/2025 00:10:24] "POST /api/v1/equipment/valuation HTTP/1.1" 200 -
2025-06-27 00:11:19,003 - werkzeug - INFO -  * Detected change in 'E:\\workspace\\mh\\src\\evaluator\\mark_anchor\\equip\\index.py', reloading
2025-06-27 00:11:20,925 - werkzeug - WARNING -  * Debugger is active!
2025-06-27 00:11:20,931 - werkzeug - INFO -  * Debugger PIN: 137-106-568
2025-06-27 00:13:45,540 - werkzeug - INFO -  * Detected change in 'E:\\workspace\\mh\\src\\evaluator\\mark_anchor\\equip\\index.py', reloading
2025-06-27 00:13:47,710 - werkzeug - WARNING -  * Debugger is active!
2025-06-27 00:13:47,718 - werkzeug - INFO -  * Debugger PIN: 137-106-568
2025-06-27 00:13:49,050 - app.controllers.equipment_controller - INFO - 收到筛选参数: {'page': '1', 'page_size': '10', 'level_min': '60', 'level_max': '160', 'price_min': '200', 'kindid': ['17'], 'sort_by': 'price', 'sort_order': 'asc'}
2025-06-27 00:13:49,050 - app.controllers.equipment_controller - INFO - 收到筛选参数: {'page': '1', 'page_size': '10', 'level_min': '60', 'level_max': '160', 'price_min': '200', 'kindid': ['17'], 'sort_by': 'price', 'sort_order': 'asc'}
2025-06-27 00:13:49,057 - app.controllers.equipment_controller - INFO - 处理后的筛选参数: {'level_min': 60, 'level_max': 160, 'price_min': 200.0, 'price_max': None, 'kindid': ['17'], 'equip_special_skills': None, 'equip_special_effect': None, 'suit_effect': None, 'suit_added_status': None, 'suit_transform_skills': None, 'suit_transform_charms': None, 'gem_value': None, 'gem_level': None, 'sort_by': 'price', 'sort_order': 'asc'}
2025-06-27 00:13:49,057 - app.controllers.equipment_controller - INFO - 处理后的筛选参数: {'level_min': 60, 'level_max': 160, 'price_min': 200.0, 'price_max': None, 'kindid': ['17'], 'equip_special_skills': None, 'equip_special_effect': None, 'suit_effect': None, 'suit_added_status': None, 'suit_transform_skills': None, 'suit_transform_charms': None, 'gem_value': None, 'gem_level': None, 'sort_by': 'price', 'sort_order': 'asc'}
2025-06-27 00:13:49,118 - app.services.equipment_service - INFO - 开始处理筛选条件，参数: level_min=60, level_max=160, price_min=200.0, price_max=None
2025-06-27 00:13:49,118 - app.services.equipment_service - INFO - 开始处理筛选条件，参数: level_min=60, level_max=160, price_min=200.0, price_max=None
2025-06-27 00:13:49,159 - app.services.equipment_service - INFO - 多选参数: kindid=['17'], equip_special_skills=None, equip_special_effect=None
2025-06-27 00:13:49,159 - app.services.equipment_service - INFO - 多选参数: kindid=['17'], equip_special_skills=None, equip_special_effect=None
2025-06-27 00:13:49,160 - app.services.equipment_service - INFO - 添加装备类型筛选: kindid IN (?), 值: ['17']
2025-06-27 00:13:49,160 - app.services.equipment_service - INFO - 添加装备类型筛选: kindid IN (?), 值: ['17']
2025-06-27 00:13:49,160 - app.services.equipment_service - INFO - 生成的WHERE子句: WHERE (level >= ? OR equip_level >= ?) AND (level <= ? OR equip_level <= ?) AND price >= ? AND kindid IN (?)
2025-06-27 00:13:49,160 - app.services.equipment_service - INFO - 生成的WHERE子句: WHERE (level >= ? OR equip_level >= ?) AND (level <= ? OR equip_level <= ?) AND price >= ? AND kindid IN (?)
2025-06-27 00:13:49,160 - app.services.equipment_service - INFO - SQL参数: [60, 60, 160, 160, 20000.0, '17']
2025-06-27 00:13:49,160 - app.services.equipment_service - INFO - SQL参数: [60, 60, 160, 160, 20000.0, '17']
2025-06-27 00:13:49,188 - app.services.equipment_service - INFO - 查询到的总数: 368
2025-06-27 00:13:49,188 - app.services.equipment_service - INFO - 查询到的总数: 368
2025-06-27 00:13:49,189 - app.services.equipment_service - INFO - 完整查询SQL: SELECT * FROM equipments WHERE (level >= ? OR equip_level >= ?) AND (level <= ? OR equip_level <= ?) AND price >= ? AND kindid IN (?) ORDER BY price ASC LIMIT ? OFFSET ?
2025-06-27 00:13:49,189 - app.services.equipment_service - INFO - 完整查询SQL: SELECT * FROM equipments WHERE (level >= ? OR equip_level >= ?) AND (level <= ? OR equip_level <= ?) AND price >= ? AND kindid IN (?) ORDER BY price ASC LIMIT ? OFFSET ?
2025-06-27 00:13:49,190 - app.services.equipment_service - INFO - 查询参数: [60, 60, 160, 160, 20000.0, '17', 10, 0]
2025-06-27 00:13:49,190 - app.services.equipment_service - INFO - 查询参数: [60, 60, 160, 160, 20000.0, '17', 10, 0]
2025-06-27 00:13:49,224 - app.services.equipment_service - INFO - 查询到的装备数量: 10
2025-06-27 00:13:49,224 - app.services.equipment_service - INFO - 查询到的装备数量: 10
2025-06-27 00:13:49,231 - werkzeug - INFO - 127.0.0.1 - - [27/Jun/2025 00:13:49] "GET /api/v1/equipment/?price_min=200&kindid[]=17&sort_by=price&sort_order=asc&page=1&page_size=10&level_min=60&level_max=160 HTTP/1.1" 200 -
2025-06-27 00:13:50,663 - evaluator.mark_anchor.equip.index - WARNING - 数据处理统计: 总数=162, 成功=161, 失败=0, 排除自身=1
2025-06-27 00:13:51,076 - evaluator.mark_anchor.equip.index - WARNING - 数据处理统计: 总数=162, 成功=161, 失败=0, 排除自身=1
2025-06-27 00:13:51,796 - werkzeug - INFO - 127.0.0.1 - - [27/Jun/2025 00:13:51] "POST /api/v1/equipment/valuation HTTP/1.1" 200 -
2025-06-27 00:13:54,427 - evaluator.mark_anchor.equip.index - WARNING - 数据处理统计: 总数=86, 成功=85, 失败=0, 排除自身=1
2025-06-27 00:13:54,685 - evaluator.mark_anchor.equip.index - WARNING - 数据处理统计: 总数=86, 成功=85, 失败=0, 排除自身=1
2025-06-27 00:13:55,302 - werkzeug - INFO - 127.0.0.1 - - [27/Jun/2025 00:13:55] "POST /api/v1/equipment/valuation HTTP/1.1" 200 -
