2025-07-04 00:16:31,134 - werkzeug - WARNING -  * Debugger is active!
2025-07-04 00:16:31,145 - werkzeug - INFO -  * Debugger PIN: 137-106-568
2025-07-04 00:16:34,944 - app.controllers.equipment_controller - INFO - æ”¶åˆ°ç­›é€‰å‚æ•°: {'page': '1', 'page_size': '10', 'year': '2025', 'month': '07', 'level_min': '60', 'level_max': '160', 'kindid': ['61'], 'sort_by': 'price', 'sort_order': 'asc'}
2025-07-04 00:16:34,944 - app.controllers.equipment_controller - INFO - æ”¶åˆ°ç­›é€‰å‚æ•°: {'page': '1', 'page_size': '10', 'year': '2025', 'month': '07', 'level_min': '60', 'level_max': '160', 'kindid': ['61'], 'sort_by': 'price', 'sort_order': 'asc'}
2025-07-04 00:16:34,953 - app.controllers.equipment_controller - INFO - å¤„ç†åŽçš„ç­›é€‰å‚æ•°: {'level_min': 60, 'level_max': 160, 'price_min': None, 'price_max': None, 'kindid': ['61'], 'equip_special_skills': None, 'equip_special_effect': None, 'suit_effect': None, 'suit_added_status': None, 'suit_transform_skills': None, 'suit_transform_charms': None, 'gem_value': None, 'gem_level': None, 'sort_by': 'price', 'sort_order': 'asc'}
2025-07-04 00:16:34,953 - app.controllers.equipment_controller - INFO - å¤„ç†åŽçš„ç­›é€‰å‚æ•°: {'level_min': 60, 'level_max': 160, 'price_min': None, 'price_max': None, 'kindid': ['61'], 'equip_special_skills': None, 'equip_special_effect': None, 'suit_effect': None, 'suit_added_status': None, 'suit_transform_skills': None, 'suit_transform_charms': None, 'gem_value': None, 'gem_level': None, 'sort_by': 'price', 'sort_order': 'asc'}
2025-07-04 00:16:34,969 - app.services.equipment_service - INFO - å¼€å§‹å¤„ç†ç­›é€‰æ¡ä»¶ï¼Œå‚æ•°: level_min=60, level_max=160, price_min=None, price_max=None
2025-07-04 00:16:34,969 - app.services.equipment_service - INFO - å¼€å§‹å¤„ç†ç­›é€‰æ¡ä»¶ï¼Œå‚æ•°: level_min=60, level_max=160, price_min=None, price_max=None
2025-07-04 00:16:34,983 - app.services.equipment_service - INFO - å¤šé€‰å‚æ•°: kindid=['61'], equip_special_skills=None, equip_special_effect=None
2025-07-04 00:16:34,983 - app.services.equipment_service - INFO - å¤šé€‰å‚æ•°: kindid=['61'], equip_special_skills=None, equip_special_effect=None
2025-07-04 00:16:34,985 - app.services.equipment_service - INFO - æ·»åŠ è£…å¤‡ç±»åž‹ç­›é€‰: kindid IN (?), å€¼: ['61']
2025-07-04 00:16:34,985 - app.services.equipment_service - INFO - æ·»åŠ è£…å¤‡ç±»åž‹ç­›é€‰: kindid IN (?), å€¼: ['61']
2025-07-04 00:16:34,986 - app.services.equipment_service - INFO - ç”Ÿæˆçš„WHEREå­å¥: WHERE (level >= ? OR equip_level >= ?) AND (level <= ? OR equip_level <= ?) AND kindid IN (?)
2025-07-04 00:16:34,986 - app.services.equipment_service - INFO - ç”Ÿæˆçš„WHEREå­å¥: WHERE (level >= ? OR equip_level >= ?) AND (level <= ? OR equip_level <= ?) AND kindid IN (?)
2025-07-04 00:16:34,988 - app.services.equipment_service - INFO - SQLå‚æ•°: [60, 60, 160, 160, '61']
2025-07-04 00:16:34,988 - app.services.equipment_service - INFO - SQLå‚æ•°: [60, 60, 160, 160, '61']
2025-07-04 00:16:35,049 - app.services.equipment_service - INFO - æŸ¥è¯¢åˆ°çš„æ€»æ•°: 1102
2025-07-04 00:16:35,049 - app.services.equipment_service - INFO - æŸ¥è¯¢åˆ°çš„æ€»æ•°: 1102
2025-07-04 00:16:35,062 - app.services.equipment_service - INFO - å®Œæ•´æŸ¥è¯¢SQL: SELECT * FROM equipments WHERE (level >= ? OR equip_level >= ?) AND (level <= ? OR equip_level <= ?) AND kindid IN (?) ORDER BY price ASC LIMIT ? OFFSET ?
2025-07-04 00:16:35,062 - app.services.equipment_service - INFO - å®Œæ•´æŸ¥è¯¢SQL: SELECT * FROM equipments WHERE (level >= ? OR equip_level >= ?) AND (level <= ? OR equip_level <= ?) AND kindid IN (?) ORDER BY price ASC LIMIT ? OFFSET ?
2025-07-04 00:16:35,064 - app.services.equipment_service - INFO - æŸ¥è¯¢å‚æ•°: [60, 60, 160, 160, '61', 10, 0]
2025-07-04 00:16:35,064 - app.services.equipment_service - INFO - æŸ¥è¯¢å‚æ•°: [60, 60, 160, 160, '61', 10, 0]
2025-07-04 00:16:35,080 - app.services.equipment_service - INFO - æŸ¥è¯¢åˆ°çš„è£…å¤‡æ•°é‡: 10
2025-07-04 00:16:35,080 - app.services.equipment_service - INFO - æŸ¥è¯¢åˆ°çš„è£…å¤‡æ•°é‡: 10
2025-07-04 00:16:35,086 - werkzeug - INFO - 127.0.0.1 - - [04/Jul/2025 00:16:35] "GET /api/v1/equipment/?selectedDate=2025-07&kindid[]=61&sort_by=price&sort_order=asc&year=2025&month=07&page=1&page_size=10&level_min=60&level_max=160 HTTP/1.1" 200 -
2025-07-04 00:16:37,163 - evaluator.mark_anchor.equip.index - WARNING - æ•°æ®å¤„ç†ç»Ÿè®¡: æ€»æ•°=7, æˆåŠŸ=6, å¤±è´¥=0, æŽ’é™¤è‡ªèº«=1
2025-07-04 00:16:37,165 - evaluator.mark_anchor.equip.index - ERROR - æœªæ‰¾åˆ°è£…å¤‡å¸‚åœºé”šç‚¹
2025-07-04 00:16:37,166 - werkzeug - INFO - 127.0.0.1 - - [04/Jul/2025 00:16:37] "[31m[1mPOST /api/v1/equipment/valuation HTTP/1.1[0m" 400 -
2025-07-04 00:19:12,620 - werkzeug - INFO -  * Detected change in 'E:\\workspace\\mh\\src\\evaluator\\mark_anchor\\equip\\plugins\\lingshi_plugin.py', reloading
2025-07-04 00:20:21,997 - werkzeug - WARNING -  * Debugger is active!
2025-07-04 00:20:22,004 - werkzeug - INFO -  * Debugger PIN: 137-106-568
2025-07-04 00:20:23,987 - app.controllers.equipment_controller - INFO - æ”¶åˆ°ç­›é€‰å‚æ•°: {'page': '1', 'page_size': '10', 'year': '2025', 'month': '07', 'level_min': '60', 'level_max': '160', 'kindid': ['61'], 'sort_by': 'price', 'sort_order': 'asc'}
2025-07-04 00:20:23,987 - app.controllers.equipment_controller - INFO - æ”¶åˆ°ç­›é€‰å‚æ•°: {'page': '1', 'page_size': '10', 'year': '2025', 'month': '07', 'level_min': '60', 'level_max': '160', 'kindid': ['61'], 'sort_by': 'price', 'sort_order': 'asc'}
2025-07-04 00:20:23,999 - app.controllers.equipment_controller - INFO - å¤„ç†åŽçš„ç­›é€‰å‚æ•°: {'level_min': 60, 'level_max': 160, 'price_min': None, 'price_max': None, 'kindid': ['61'], 'equip_special_skills': None, 'equip_special_effect': None, 'suit_effect': None, 'suit_added_status': None, 'suit_transform_skills': None, 'suit_transform_charms': None, 'gem_value': None, 'gem_level': None, 'sort_by': 'price', 'sort_order': 'asc'}
2025-07-04 00:20:23,999 - app.controllers.equipment_controller - INFO - å¤„ç†åŽçš„ç­›é€‰å‚æ•°: {'level_min': 60, 'level_max': 160, 'price_min': None, 'price_max': None, 'kindid': ['61'], 'equip_special_skills': None, 'equip_special_effect': None, 'suit_effect': None, 'suit_added_status': None, 'suit_transform_skills': None, 'suit_transform_charms': None, 'gem_value': None, 'gem_level': None, 'sort_by': 'price', 'sort_order': 'asc'}
2025-07-04 00:20:24,015 - app.services.equipment_service - INFO - å¼€å§‹å¤„ç†ç­›é€‰æ¡ä»¶ï¼Œå‚æ•°: level_min=60, level_max=160, price_min=None, price_max=None
2025-07-04 00:20:24,015 - app.services.equipment_service - INFO - å¼€å§‹å¤„ç†ç­›é€‰æ¡ä»¶ï¼Œå‚æ•°: level_min=60, level_max=160, price_min=None, price_max=None
2025-07-04 00:20:24,030 - app.services.equipment_service - INFO - å¤šé€‰å‚æ•°: kindid=['61'], equip_special_skills=None, equip_special_effect=None
2025-07-04 00:20:24,030 - app.services.equipment_service - INFO - å¤šé€‰å‚æ•°: kindid=['61'], equip_special_skills=None, equip_special_effect=None
2025-07-04 00:20:24,032 - app.services.equipment_service - INFO - æ·»åŠ è£…å¤‡ç±»åž‹ç­›é€‰: kindid IN (?), å€¼: ['61']
2025-07-04 00:20:24,032 - app.services.equipment_service - INFO - æ·»åŠ è£…å¤‡ç±»åž‹ç­›é€‰: kindid IN (?), å€¼: ['61']
2025-07-04 00:20:24,033 - app.services.equipment_service - INFO - ç”Ÿæˆçš„WHEREå­å¥: WHERE (level >= ? OR equip_level >= ?) AND (level <= ? OR equip_level <= ?) AND kindid IN (?)
2025-07-04 00:20:24,033 - app.services.equipment_service - INFO - ç”Ÿæˆçš„WHEREå­å¥: WHERE (level >= ? OR equip_level >= ?) AND (level <= ? OR equip_level <= ?) AND kindid IN (?)
2025-07-04 00:20:24,035 - app.services.equipment_service - INFO - SQLå‚æ•°: [60, 60, 160, 160, '61']
2025-07-04 00:20:24,035 - app.services.equipment_service - INFO - SQLå‚æ•°: [60, 60, 160, 160, '61']
2025-07-04 00:20:24,065 - app.services.equipment_service - INFO - æŸ¥è¯¢åˆ°çš„æ€»æ•°: 1102
2025-07-04 00:20:24,065 - app.services.equipment_service - INFO - æŸ¥è¯¢åˆ°çš„æ€»æ•°: 1102
2025-07-04 00:20:24,068 - app.services.equipment_service - INFO - å®Œæ•´æŸ¥è¯¢SQL: SELECT * FROM equipments WHERE (level >= ? OR equip_level >= ?) AND (level <= ? OR equip_level <= ?) AND kindid IN (?) ORDER BY price ASC LIMIT ? OFFSET ?
2025-07-04 00:20:24,068 - app.services.equipment_service - INFO - å®Œæ•´æŸ¥è¯¢SQL: SELECT * FROM equipments WHERE (level >= ? OR equip_level >= ?) AND (level <= ? OR equip_level <= ?) AND kindid IN (?) ORDER BY price ASC LIMIT ? OFFSET ?
2025-07-04 00:20:24,070 - app.services.equipment_service - INFO - æŸ¥è¯¢å‚æ•°: [60, 60, 160, 160, '61', 10, 0]
2025-07-04 00:20:24,070 - app.services.equipment_service - INFO - æŸ¥è¯¢å‚æ•°: [60, 60, 160, 160, '61', 10, 0]
2025-07-04 00:20:24,095 - app.services.equipment_service - INFO - æŸ¥è¯¢åˆ°çš„è£…å¤‡æ•°é‡: 10
2025-07-04 00:20:24,095 - app.services.equipment_service - INFO - æŸ¥è¯¢åˆ°çš„è£…å¤‡æ•°é‡: 10
2025-07-04 00:20:24,101 - werkzeug - INFO - 127.0.0.1 - - [04/Jul/2025 00:20:24] "GET /api/v1/equipment/?selectedDate=2025-07&kindid[]=61&sort_by=price&sort_order=asc&year=2025&month=07&page=1&page_size=10&level_min=60&level_max=160 HTTP/1.1" 200 -
2025-07-04 00:20:25,679 - evaluator.mark_anchor.equip.index - WARNING - æ•°æ®å¤„ç†ç»Ÿè®¡: æ€»æ•°=7, æˆåŠŸ=6, å¤±è´¥=0, æŽ’é™¤è‡ªèº«=1
2025-07-04 00:20:25,680 - evaluator.mark_anchor.equip.index - ERROR - æœªæ‰¾åˆ°è£…å¤‡å¸‚åœºé”šç‚¹
2025-07-04 00:20:25,681 - werkzeug - INFO - 127.0.0.1 - - [04/Jul/2025 00:20:25] "[31m[1mPOST /api/v1/equipment/valuation HTTP/1.1[0m" 400 -
