2025-07-13 00:00:26,456 - werkzeug - WARNING -  * Debugger is active!
2025-07-13 00:00:26,463 - werkzeug - INFO -  * Debugger PIN: 137-106-568
2025-07-13 00:01:59,838 - werkzeug - INFO -  * Detected change in 'E:\\workspace\\mh\\src\\spider\\helper\\decode_desc.py', reloading
2025-07-13 00:02:01,822 - werkzeug - WARNING -  * Debugger is active!
2025-07-13 00:02:01,829 - werkzeug - INFO -  * Debugger PIN: 137-106-568
2025-07-13 00:02:51,258 - werkzeug - INFO -  * Detected change in 'E:\\workspace\\mh\\src\\spider\\helper\\decode_desc.py', reloading
2025-07-13 00:02:53,261 - werkzeug - WARNING -  * Debugger is active!
2025-07-13 00:02:53,267 - werkzeug - INFO -  * Debugger PIN: 137-106-568
2025-07-13 00:03:45,026 - werkzeug - INFO -  * Detected change in 'E:\\workspace\\mh\\src\\spider\\helper\\decode_desc.py', reloading
2025-07-13 00:03:47,004 - werkzeug - WARNING -  * Debugger is active!
2025-07-13 00:03:47,012 - werkzeug - INFO -  * Debugger PIN: 137-106-568
2025-07-13 00:04:20,055 - werkzeug - INFO -  * Detected change in 'E:\\workspace\\mh\\src\\spider\\helper\\decode_desc.py', reloading
2025-07-13 00:04:22,089 - werkzeug - WARNING -  * Debugger is active!
2025-07-13 00:04:22,096 - werkzeug - INFO -  * Debugger PIN: 137-106-568
2025-07-13 00:05:18,578 - werkzeug - INFO -  * Detected change in 'E:\\workspace\\mh\\src\\spider\\helper\\decode_desc.py', reloading
2025-07-13 00:05:20,586 - werkzeug - WARNING -  * Debugger is active!
2025-07-13 00:05:20,593 - werkzeug - INFO -  * Debugger PIN: 137-106-568
2025-07-13 00:05:31,443 - werkzeug - INFO -  * Detected change in 'E:\\workspace\\mh\\src\\spider\\helper\\decode_desc.py', reloading
2025-07-13 00:05:33,427 - werkzeug - WARNING -  * Debugger is active!
2025-07-13 00:05:33,434 - werkzeug - INFO -  * Debugger PIN: 137-106-568
2025-07-13 00:05:38,449 - werkzeug - INFO -  * Detected change in 'E:\\workspace\\mh\\src\\spider\\helper\\decode_desc.py', reloading
2025-07-13 00:05:40,400 - werkzeug - WARNING -  * Debugger is active!
2025-07-13 00:05:40,408 - werkzeug - INFO -  * Debugger PIN: 137-106-568
2025-07-13 00:05:49,038 - werkzeug - INFO -  * Detected change in 'E:\\workspace\\mh\\src\\spider\\helper\\decode_desc.py', reloading
2025-07-13 00:05:51,038 - werkzeug - WARNING -  * Debugger is active!
2025-07-13 00:05:51,044 - werkzeug - INFO -  * Debugger PIN: 137-106-568
2025-07-13 00:06:07,804 - werkzeug - INFO -  * Detected change in 'E:\\workspace\\mh\\src\\spider\\helper\\decode_desc.py', reloading
2025-07-13 00:06:09,978 - werkzeug - WARNING -  * Debugger is active!
2025-07-13 00:06:09,986 - werkzeug - INFO -  * Debugger PIN: 137-106-568
2025-07-13 00:06:17,360 - werkzeug - INFO -  * Detected change in 'E:\\workspace\\mh\\src\\spider\\helper\\decode_desc.py', reloading
2025-07-13 00:06:19,432 - werkzeug - WARNING -  * Debugger is active!
2025-07-13 00:06:19,439 - werkzeug - INFO -  * Debugger PIN: 137-106-568
2025-07-13 00:06:55,093 - werkzeug - INFO -  * Detected change in 'E:\\workspace\\mh\\src\\spider\\helper\\decode_desc.py', reloading
2025-07-13 00:06:57,166 - werkzeug - WARNING -  * Debugger is active!
2025-07-13 00:06:57,173 - werkzeug - INFO -  * Debugger PIN: 137-106-568
2025-07-13 00:18:41,404 - werkzeug - INFO -  * Detected change in 'E:\\workspace\\mh\\src\\spider\\helper\\decode_desc.py', reloading
2025-07-13 00:18:43,500 - werkzeug - WARNING -  * Debugger is active!
2025-07-13 00:18:43,507 - werkzeug - INFO -  * Debugger PIN: 137-106-568
2025-07-13 00:19:21,176 - werkzeug - INFO -  * Detected change in 'E:\\workspace\\mh\\src\\spider\\helper\\decode_desc.py', reloading
2025-07-13 00:19:23,279 - werkzeug - WARNING -  * Debugger is active!
2025-07-13 00:19:23,285 - werkzeug - INFO -  * Debugger PIN: 137-106-568
2025-07-13 00:19:42,480 - werkzeug - INFO -  * Detected change in 'E:\\workspace\\mh\\src\\spider\\helper\\decode_desc.py', reloading
2025-07-13 00:19:44,549 - werkzeug - WARNING -  * Debugger is active!
2025-07-13 00:19:44,557 - werkzeug - INFO -  * Debugger PIN: 137-106-568
2025-07-13 00:19:49,864 - werkzeug - INFO -  * Detected change in 'E:\\workspace\\mh\\src\\spider\\helper\\decode_desc.py', reloading
2025-07-13 00:19:52,008 - werkzeug - WARNING -  * Debugger is active!
2025-07-13 00:19:52,016 - werkzeug - INFO -  * Debugger PIN: 137-106-568
2025-07-13 00:20:17,031 - werkzeug - INFO -  * Detected change in 'E:\\workspace\\mh\\src\\spider\\helper\\decode_desc.py', reloading
2025-07-13 00:20:19,199 - werkzeug - WARNING -  * Debugger is active!
2025-07-13 00:20:19,205 - werkzeug - INFO -  * Debugger PIN: 137-106-568
2025-07-13 00:20:48,133 - werkzeug - INFO -  * Detected change in 'E:\\workspace\\mh\\src\\spider\\helper\\decode_desc.py', reloading
2025-07-13 00:20:50,413 - werkzeug - WARNING -  * Debugger is active!
2025-07-13 00:20:50,420 - werkzeug - INFO -  * Debugger PIN: 137-106-568
2025-07-13 00:21:13,882 - werkzeug - INFO -  * Detected change in 'E:\\workspace\\mh\\src\\spider\\helper\\decode_desc.py', reloading
2025-07-13 00:21:16,060 - werkzeug - WARNING -  * Debugger is active!
2025-07-13 00:21:16,067 - werkzeug - INFO -  * Debugger PIN: 137-106-568
2025-07-13 00:26:02,832 - werkzeug - INFO -  * Detected change in 'E:\\workspace\\mh\\src\\spider\\helper\\test_compare.py', reloading
2025-07-13 00:26:04,835 - werkzeug - WARNING -  * Debugger is active!
2025-07-13 00:26:04,842 - werkzeug - INFO -  * Debugger PIN: 137-106-568
2025-07-13 00:27:53,454 - werkzeug - INFO -  * Detected change in 'E:\\workspace\\mh\\src\\spider\\helper\\decode_desc.py', reloading
2025-07-13 00:27:55,484 - werkzeug - WARNING -  * Debugger is active!
2025-07-13 00:27:55,491 - werkzeug - INFO -  * Debugger PIN: 137-106-568
2025-07-13 00:28:12,256 - werkzeug - INFO -  * Detected change in 'E:\\workspace\\mh\\src\\spider\\helper\\decode_desc.py', reloading
2025-07-13 00:28:14,405 - werkzeug - WARNING -  * Debugger is active!
2025-07-13 00:28:14,412 - werkzeug - INFO -  * Debugger PIN: 137-106-568
2025-07-13 00:28:39,369 - werkzeug - INFO -  * Detected change in 'E:\\workspace\\mh\\src\\spider\\helper\\decode_desc.py', reloading
2025-07-13 00:28:41,365 - werkzeug - WARNING -  * Debugger is active!
2025-07-13 00:28:41,371 - werkzeug - INFO -  * Debugger PIN: 137-106-568
2025-07-13 00:29:19,813 - werkzeug - INFO -  * Detected change in 'E:\\workspace\\mh\\src\\spider\\helper\\decode_desc.py', reloading
2025-07-13 00:29:21,993 - werkzeug - WARNING -  * Debugger is active!
2025-07-13 00:29:21,999 - werkzeug - INFO -  * Debugger PIN: 137-106-568
2025-07-13 00:35:58,237 - werkzeug - INFO -  * Detected change in 'E:\\workspace\\mh\\src\\spider\\helper\\decode_desc.py', reloading
2025-07-13 00:36:00,615 - werkzeug - WARNING -  * Debugger is active!
2025-07-13 00:36:00,624 - werkzeug - INFO -  * Debugger PIN: 137-106-568
2025-07-13 00:36:14,061 - werkzeug - INFO -  * Detected change in 'E:\\workspace\\mh\\src\\spider\\helper\\decode_desc.py', reloading
2025-07-13 00:36:16,148 - werkzeug - WARNING -  * Debugger is active!
2025-07-13 00:36:16,154 - werkzeug - INFO -  * Debugger PIN: 137-106-568
2025-07-13 00:36:37,763 - werkzeug - INFO -  * Detected change in 'E:\\workspace\\mh\\src\\spider\\helper\\decode_desc.py', reloading
2025-07-13 00:36:40,008 - werkzeug - WARNING -  * Debugger is active!
2025-07-13 00:36:40,016 - werkzeug - INFO -  * Debugger PIN: 137-106-568
2025-07-13 00:38:10,686 - werkzeug - INFO -  * Detected change in 'E:\\workspace\\mh\\src\\spider\\helper\\decode_desc.py', reloading
2025-07-13 00:38:12,938 - werkzeug - WARNING -  * Debugger is active!
2025-07-13 00:38:12,946 - werkzeug - INFO -  * Debugger PIN: 137-106-568
2025-07-13 00:38:27,239 - werkzeug - INFO -  * Detected change in 'E:\\workspace\\mh\\src\\spider\\helper\\decode_desc.py', reloading
2025-07-13 00:38:29,604 - werkzeug - WARNING -  * Debugger is active!
2025-07-13 00:38:29,612 - werkzeug - INFO -  * Debugger PIN: 137-106-568
2025-07-13 00:38:53,135 - werkzeug - INFO -  * Detected change in 'E:\\workspace\\mh\\src\\spider\\helper\\decode_desc.py', reloading
2025-07-13 00:38:55,973 - werkzeug - WARNING -  * Debugger is active!
2025-07-13 00:38:55,981 - werkzeug - INFO -  * Debugger PIN: 137-106-568
2025-07-13 00:41:06,858 - werkzeug - INFO -  * Detected change in 'E:\\workspace\\mh\\src\\spider\\helper\\decode_desc.py', reloading
2025-07-13 00:41:09,116 - werkzeug - WARNING -  * Debugger is active!
2025-07-13 00:41:09,124 - werkzeug - INFO -  * Debugger PIN: 137-106-568
2025-07-13 00:41:43,267 - werkzeug - INFO -  * Detected change in 'E:\\workspace\\mh\\src\\spider\\helper\\decode_desc.py', reloading
2025-07-13 00:41:45,565 - werkzeug - WARNING -  * Debugger is active!
2025-07-13 00:41:45,572 - werkzeug - INFO -  * Debugger PIN: 137-106-568
2025-07-13 00:42:17,141 - werkzeug - INFO -  * Detected change in 'E:\\workspace\\mh\\src\\spider\\helper\\decode_desc.py', reloading
2025-07-13 00:42:19,143 - werkzeug - WARNING -  * Debugger is active!
2025-07-13 00:42:19,150 - werkzeug - INFO -  * Debugger PIN: 137-106-568
2025-07-13 00:43:41,149 - werkzeug - INFO -  * Detected change in 'E:\\workspace\\mh\\src\\spider\\helper\\decode_desc.py', reloading
2025-07-13 00:43:43,195 - werkzeug - WARNING -  * Debugger is active!
2025-07-13 00:43:43,202 - werkzeug - INFO -  * Debugger PIN: 137-106-568
2025-07-13 00:44:00,217 - werkzeug - INFO -  * Detected change in 'E:\\workspace\\mh\\src\\spider\\helper\\decode_desc.py', reloading
2025-07-13 00:44:02,290 - werkzeug - WARNING -  * Debugger is active!
2025-07-13 00:44:02,298 - werkzeug - INFO -  * Debugger PIN: 137-106-568
2025-07-13 00:44:12,124 - werkzeug - INFO -  * Detected change in 'E:\\workspace\\mh\\src\\spider\\helper\\decode_desc.py', reloading
2025-07-13 00:44:14,176 - werkzeug - WARNING -  * Debugger is active!
2025-07-13 00:44:14,184 - werkzeug - INFO -  * Debugger PIN: 137-106-568
2025-07-13 00:44:38,165 - werkzeug - INFO -  * Detected change in 'E:\\workspace\\mh\\src\\spider\\helper\\decode_desc.py', reloading
2025-07-13 00:44:40,314 - werkzeug - WARNING -  * Debugger is active!
2025-07-13 00:44:40,321 - werkzeug - INFO -  * Debugger PIN: 137-106-568
2025-07-13 00:44:58,060 - werkzeug - INFO -  * Detected change in 'E:\\workspace\\mh\\src\\spider\\helper\\decode_desc.py', reloading
2025-07-13 00:45:00,187 - werkzeug - WARNING -  * Debugger is active!
2025-07-13 00:45:00,193 - werkzeug - INFO -  * Debugger PIN: 137-106-568
2025-07-13 00:48:25,731 - werkzeug - INFO -  * Detected change in 'E:\\workspace\\mh\\src\\spider\\helper\\test_compare.py', reloading
2025-07-13 00:48:27,729 - werkzeug - WARNING -  * Debugger is active!
2025-07-13 00:48:27,736 - werkzeug - INFO -  * Debugger PIN: 137-106-568
2025-07-13 00:49:30,129 - werkzeug - INFO -  * Detected change in 'E:\\workspace\\mh\\src\\spider\\helper\\decode_desc.py', reloading
2025-07-13 00:49:32,810 - werkzeug - WARNING -  * Debugger is active!
2025-07-13 00:49:32,817 - werkzeug - INFO -  * Debugger PIN: 137-106-568
2025-07-13 00:51:22,345 - werkzeug - INFO -  * Detected change in 'E:\\workspace\\mh\\src\\spider\\helper\\decode_desc.py', reloading
2025-07-13 00:51:24,464 - werkzeug - WARNING -  * Debugger is active!
2025-07-13 00:51:24,470 - werkzeug - INFO -  * Debugger PIN: 137-106-568
2025-07-13 00:55:20,851 - werkzeug - INFO -  * Detected change in 'E:\\workspace\\mh\\src\\spider\\helper\\decode_desc.py', reloading
2025-07-13 00:55:22,855 - werkzeug - WARNING -  * Debugger is active!
2025-07-13 00:55:22,862 - werkzeug - INFO -  * Debugger PIN: 137-106-568
2025-07-13 00:55:39,541 - werkzeug - INFO -  * Detected change in 'E:\\workspace\\mh\\src\\spider\\helper\\decode_desc.py', reloading
2025-07-13 00:55:41,513 - werkzeug - WARNING -  * Debugger is active!
2025-07-13 00:55:41,520 - werkzeug - INFO -  * Debugger PIN: 137-106-568
2025-07-13 00:55:50,076 - werkzeug - INFO -  * Detected change in 'E:\\workspace\\mh\\src\\spider\\helper\\decode_desc.py', reloading
2025-07-13 00:55:52,224 - werkzeug - WARNING -  * Debugger is active!
2025-07-13 00:55:52,232 - werkzeug - INFO -  * Debugger PIN: 137-106-568
2025-07-13 00:56:01,993 - werkzeug - INFO -  * Detected change in 'E:\\workspace\\mh\\src\\spider\\helper\\decode_desc.py', reloading
2025-07-13 00:56:04,209 - werkzeug - WARNING -  * Debugger is active!
2025-07-13 00:56:04,218 - werkzeug - INFO -  * Debugger PIN: 137-106-568
2025-07-13 00:56:42,599 - werkzeug - INFO -  * Detected change in 'E:\\workspace\\mh\\src\\spider\\helper\\decode_desc.py', reloading
2025-07-13 00:56:44,852 - werkzeug - WARNING -  * Debugger is active!
2025-07-13 00:56:44,859 - werkzeug - INFO -  * Debugger PIN: 137-106-568
2025-07-13 01:00:50,846 - werkzeug - INFO -  * Detected change in 'E:\\workspace\\mh\\src\\spider\\helper\\test_compare.py', reloading
2025-07-13 01:00:53,062 - werkzeug - WARNING -  * Debugger is active!
2025-07-13 01:00:53,068 - werkzeug - INFO -  * Debugger PIN: 137-106-568
2025-07-13 01:00:58,163 - werkzeug - INFO -  * Detected change in 'E:\\workspace\\mh\\src\\spider\\helper\\test_compare.py', reloading
2025-07-13 01:01:00,509 - werkzeug - WARNING -  * Debugger is active!
2025-07-13 01:01:00,518 - werkzeug - INFO -  * Debugger PIN: 137-106-568
2025-07-13 01:03:57,314 - werkzeug - INFO -  * Detected change in 'E:\\workspace\\mh\\src\\spider\\helper\\test_compare.py', reloading
2025-07-13 01:03:59,444 - werkzeug - WARNING -  * Debugger is active!
2025-07-13 01:03:59,451 - werkzeug - INFO -  * Debugger PIN: 137-106-568
2025-07-13 01:09:44,348 - werkzeug - INFO -  * Detected change in 'E:\\workspace\\mh\\src\\spider\\helper\\test_compare.py', reloading
2025-07-13 01:09:46,411 - werkzeug - WARNING -  * Debugger is active!
2025-07-13 01:09:46,418 - werkzeug - INFO -  * Debugger PIN: 137-106-568
2025-07-13 01:20:49,358 - werkzeug - INFO -  * Detected change in 'E:\\workspace\\mh\\src\\spider\\helper\\decode_desc.py', reloading
2025-07-13 01:20:51,422 - werkzeug - WARNING -  * Debugger is active!
2025-07-13 01:20:51,429 - werkzeug - INFO -  * Debugger PIN: 137-106-568
2025-07-13 01:21:27,117 - werkzeug - INFO -  * Detected change in 'E:\\workspace\\mh\\src\\spider\\helper\\decode_desc.py', reloading
2025-07-13 01:21:29,151 - werkzeug - WARNING -  * Debugger is active!
2025-07-13 01:21:29,158 - werkzeug - INFO -  * Debugger PIN: 137-106-568
2025-07-13 01:21:42,359 - werkzeug - INFO -  * Detected change in 'E:\\workspace\\mh\\src\\spider\\helper\\decode_desc.py', reloading
2025-07-13 01:21:44,467 - werkzeug - WARNING -  * Debugger is active!
2025-07-13 01:21:44,474 - werkzeug - INFO -  * Debugger PIN: 137-106-568
2025-07-13 01:22:15,144 - werkzeug - INFO -  * Detected change in 'E:\\workspace\\mh\\src\\spider\\helper\\decode_desc.py', reloading
2025-07-13 01:22:17,224 - werkzeug - WARNING -  * Debugger is active!
2025-07-13 01:22:17,231 - werkzeug - INFO -  * Debugger PIN: 137-106-568
2025-07-13 01:23:04,042 - werkzeug - INFO -  * Detected change in 'E:\\workspace\\mh\\src\\spider\\helper\\decode_desc.py', reloading
2025-07-13 01:23:06,139 - werkzeug - WARNING -  * Debugger is active!
2025-07-13 01:23:06,147 - werkzeug - INFO -  * Debugger PIN: 137-106-568
2025-07-13 08:38:14,183 - werkzeug - INFO - [31m[1mWARNING: This is a development server. Do not use it in a production deployment. Use a production WSGI server instead.[0m
 * Running on all addresses (0.0.0.0)
 * Running on http://127.0.0.1:5000
 * Running on http://192.168.10.54:5000
2025-07-13 08:38:14,185 - werkzeug - INFO - [33mPress CTRL+C to quit[0m
2025-07-13 08:38:14,189 - werkzeug - INFO -  * Restarting with stat
2025-07-13 08:38:16,122 - werkzeug - WARNING -  * Debugger is active!
2025-07-13 08:38:16,130 - werkzeug - INFO -  * Debugger PIN: 137-106-568
2025-07-13 08:41:29,742 - app.services.character_service - INFO - æ•°æ®åº“æ–‡ä»¶è·¯å¾„: E:\workspace\mh\data\cbg_characters_202507.db
2025-07-13 08:41:29,742 - app.services.character_service - INFO - æ•°æ®åº“æ–‡ä»¶è·¯å¾„: E:\workspace\mh\data\cbg_characters_202507.db
2025-07-13 08:41:29,753 - app.services.character_service - INFO - ç­‰çº§èŒƒå›´: min=None, max=None
2025-07-13 08:41:29,753 - app.services.character_service - INFO - ç­‰çº§èŒƒå›´: min=None, max=None
2025-07-13 08:41:29,755 - app.services.character_service - INFO - å¸ˆé—¨æŠ€èƒ½: num=None, level=None
2025-07-13 08:41:29,755 - app.services.character_service - INFO - å¸ˆé—¨æŠ€èƒ½: num=None, level=None
2025-07-13 08:41:29,779 - app.services.character_service - INFO - ç­‰çº§åˆ†å¸ƒ: [{'level': 59, 'count': 4}, {'level': 61, 'count': 1}, {'level': 68, 'count': 1}, {'level': 69, 'count': 10}, {'level': 70, 'count': 4}, {'level': 89, 'count': 1}, {'level': 90, 'count': 1}, {'level': 100, 'count': 1}, {'level': 105, 'count': 1}, {'level': 107, 'count': 1}, {'level': 109, 'count': 16}, {'level': 116, 'count': 1}, {'level': 120, 'count': 1}, {'level': 124, 'count': 1}, {'level': 130, 'count': 2}, {'level': 131, 'count': 2}, {'level': 136, 'count': 1}, {'level': 141, 'count': 1}, {'level': 143, 'count': 1}, {'level': 144, 'count': 1}, {'level': 145, 'count': 1}]
2025-07-13 08:41:29,779 - app.services.character_service - INFO - ç­‰çº§åˆ†å¸ƒ: [{'level': 59, 'count': 4}, {'level': 61, 'count': 1}, {'level': 68, 'count': 1}, {'level': 69, 'count': 10}, {'level': 70, 'count': 4}, {'level': 89, 'count': 1}, {'level': 90, 'count': 1}, {'level': 100, 'count': 1}, {'level': 105, 'count': 1}, {'level': 107, 'count': 1}, {'level': 109, 'count': 16}, {'level': 116, 'count': 1}, {'level': 120, 'count': 1}, {'level': 124, 'count': 1}, {'level': 130, 'count': 2}, {'level': 131, 'count': 2}, {'level': 136, 'count': 1}, {'level': 141, 'count': 1}, {'level': 143, 'count': 1}, {'level': 144, 'count': 1}, {'level': 145, 'count': 1}]
2025-07-13 08:41:29,782 - app.services.character_service - INFO - æŸ¥è¯¢æ¡ä»¶: 1=1
2025-07-13 08:41:29,782 - app.services.character_service - INFO - æŸ¥è¯¢æ¡ä»¶: 1=1
2025-07-13 08:41:29,783 - app.services.character_service - INFO - æŸ¥è¯¢å‚æ•°: []
2025-07-13 08:41:29,783 - app.services.character_service - INFO - æŸ¥è¯¢å‚æ•°: []
2025-07-13 08:41:29,785 - app.services.character_service - INFO - ç¬¦åˆæ¡ä»¶çš„è®°å½•æ•°: 53
2025-07-13 08:41:29,785 - app.services.character_service - INFO - ç¬¦åˆæ¡ä»¶çš„è®°å½•æ•°: 53
2025-07-13 08:41:29,814 - app.services.character_service - INFO - è¿”å›è®°å½•æ•°: 20
2025-07-13 08:41:29,814 - app.services.character_service - INFO - è¿”å›è®°å½•æ•°: 20
2025-07-13 08:41:29,827 - werkzeug - INFO - 127.0.0.1 - - [13/Jul/2025 08:41:29] "GET /api/v1/character/?page=1&page_size=20&year=2025&month=07 HTTP/1.1" 200 -
2025-07-13 08:41:31,022 - app.controllers.pet_controller - INFO - æ”¶åˆ°ç­›é€‰å‚æ•°: {'page': '1', 'page_size': '10', 'year': '2025', 'month': '07', 'level_min': '150', 'level_max': '180', 'sort_by': 'price', 'sort_order': 'asc'}
2025-07-13 08:41:31,022 - app.controllers.pet_controller - INFO - æ”¶åˆ°ç­›é€‰å‚æ•°: {'page': '1', 'page_size': '10', 'year': '2025', 'month': '07', 'level_min': '150', 'level_max': '180', 'sort_by': 'price', 'sort_order': 'asc'}
2025-07-13 08:41:31,025 - app.controllers.pet_controller - INFO - å¤„ç†åçš„ç­›é€‰å‚æ•°: {'level_min': 150, 'level_max': 180, 'price_min': None, 'price_max': None, 'pet_type': None, 'pet_skills': None, 'pet_special_effect': None, 'pet_quality': None, 'pet_growth': None, 'pet_aptitude': None, 'pet_skill_count': None, 'sort_by': 'price', 'sort_order': 'asc'}
2025-07-13 08:41:31,025 - app.controllers.pet_controller - INFO - å¤„ç†åçš„ç­›é€‰å‚æ•°: {'level_min': 150, 'level_max': 180, 'price_min': None, 'price_max': None, 'pet_type': None, 'pet_skills': None, 'pet_special_effect': None, 'pet_quality': None, 'pet_growth': None, 'pet_aptitude': None, 'pet_skill_count': None, 'sort_by': 'price', 'sort_order': 'asc'}
2025-07-13 08:41:31,027 - app.services.pet_service - INFO - å¼€å§‹å¤„ç†ç­›é€‰æ¡ä»¶ï¼Œå‚æ•°: level_min=150, level_max=180, price_min=None, price_max=None
2025-07-13 08:41:31,027 - app.services.pet_service - INFO - å¼€å§‹å¤„ç†ç­›é€‰æ¡ä»¶ï¼Œå‚æ•°: level_min=150, level_max=180, price_min=None, price_max=None
2025-07-13 08:41:31,029 - app.services.pet_service - INFO - å¤šé€‰å‚æ•°: pet_type=None, pet_skills=None, pet_special_effect=None
2025-07-13 08:41:31,029 - app.services.pet_service - INFO - å¤šé€‰å‚æ•°: pet_type=None, pet_skills=None, pet_special_effect=None
2025-07-13 08:41:31,084 - werkzeug - INFO - 127.0.0.1 - - [13/Jul/2025 08:41:31] "GET /api/v1/pet/?selectedDate=2025-07&sort_by=price&sort_order=asc&year=2025&month=07&page=1&page_size=10&level_min=150&level_max=180 HTTP/1.1" 200 -
2025-07-13 08:41:34,072 - app.controllers.pet_controller - INFO - æ”¶åˆ°ç­›é€‰å‚æ•°: {'page': '1', 'page_size': '10', 'year': '2025', 'month': '07', 'level_min': '150', 'level_max': '180', 'sort_by': 'price', 'sort_order': 'asc'}
2025-07-13 08:41:34,072 - app.controllers.pet_controller - INFO - æ”¶åˆ°ç­›é€‰å‚æ•°: {'page': '1', 'page_size': '10', 'year': '2025', 'month': '07', 'level_min': '150', 'level_max': '180', 'sort_by': 'price', 'sort_order': 'asc'}
2025-07-13 08:41:34,078 - app.controllers.pet_controller - INFO - å¤„ç†åçš„ç­›é€‰å‚æ•°: {'level_min': 150, 'level_max': 180, 'price_min': None, 'price_max': None, 'pet_type': None, 'pet_skills': None, 'pet_special_effect': None, 'pet_quality': None, 'pet_growth': None, 'pet_aptitude': None, 'pet_skill_count': None, 'sort_by': 'price', 'sort_order': 'asc'}
2025-07-13 08:41:34,078 - app.controllers.pet_controller - INFO - å¤„ç†åçš„ç­›é€‰å‚æ•°: {'level_min': 150, 'level_max': 180, 'price_min': None, 'price_max': None, 'pet_type': None, 'pet_skills': None, 'pet_special_effect': None, 'pet_quality': None, 'pet_growth': None, 'pet_aptitude': None, 'pet_skill_count': None, 'sort_by': 'price', 'sort_order': 'asc'}
2025-07-13 08:41:34,080 - app.services.pet_service - INFO - å¼€å§‹å¤„ç†ç­›é€‰æ¡ä»¶ï¼Œå‚æ•°: level_min=150, level_max=180, price_min=None, price_max=None
2025-07-13 08:41:34,080 - app.services.pet_service - INFO - å¼€å§‹å¤„ç†ç­›é€‰æ¡ä»¶ï¼Œå‚æ•°: level_min=150, level_max=180, price_min=None, price_max=None
2025-07-13 08:41:34,086 - app.services.pet_service - INFO - å¤šé€‰å‚æ•°: pet_type=None, pet_skills=None, pet_special_effect=None
2025-07-13 08:41:34,086 - app.services.pet_service - INFO - å¤šé€‰å‚æ•°: pet_type=None, pet_skills=None, pet_special_effect=None
2025-07-13 08:41:34,103 - werkzeug - INFO - 127.0.0.1 - - [13/Jul/2025 08:41:34] "GET /api/v1/pet/?selectedDate=2025-07&sort_by=price&sort_order=asc&year=2025&month=07&page=1&page_size=10&level_min=150&level_max=180 HTTP/1.1" 200 -
2025-07-13 08:41:35,445 - app.controllers.pet_controller - INFO - æ”¶åˆ°ç­›é€‰å‚æ•°: {'page': '1', 'page_size': '10', 'year': '2025', 'month': '07', 'level_min': '150', 'level_max': '180', 'sort_by': 'price', 'sort_order': 'desc'}
2025-07-13 08:41:35,445 - app.controllers.pet_controller - INFO - æ”¶åˆ°ç­›é€‰å‚æ•°: {'page': '1', 'page_size': '10', 'year': '2025', 'month': '07', 'level_min': '150', 'level_max': '180', 'sort_by': 'price', 'sort_order': 'desc'}
2025-07-13 08:41:35,447 - app.controllers.pet_controller - INFO - å¤„ç†åçš„ç­›é€‰å‚æ•°: {'level_min': 150, 'level_max': 180, 'price_min': None, 'price_max': None, 'pet_type': None, 'pet_skills': None, 'pet_special_effect': None, 'pet_quality': None, 'pet_growth': None, 'pet_aptitude': None, 'pet_skill_count': None, 'sort_by': 'price', 'sort_order': 'desc'}
2025-07-13 08:41:35,447 - app.controllers.pet_controller - INFO - å¤„ç†åçš„ç­›é€‰å‚æ•°: {'level_min': 150, 'level_max': 180, 'price_min': None, 'price_max': None, 'pet_type': None, 'pet_skills': None, 'pet_special_effect': None, 'pet_quality': None, 'pet_growth': None, 'pet_aptitude': None, 'pet_skill_count': None, 'sort_by': 'price', 'sort_order': 'desc'}
2025-07-13 08:41:35,448 - app.services.pet_service - INFO - å¼€å§‹å¤„ç†ç­›é€‰æ¡ä»¶ï¼Œå‚æ•°: level_min=150, level_max=180, price_min=None, price_max=None
2025-07-13 08:41:35,448 - app.services.pet_service - INFO - å¼€å§‹å¤„ç†ç­›é€‰æ¡ä»¶ï¼Œå‚æ•°: level_min=150, level_max=180, price_min=None, price_max=None
2025-07-13 08:41:35,450 - app.services.pet_service - INFO - å¤šé€‰å‚æ•°: pet_type=None, pet_skills=None, pet_special_effect=None
2025-07-13 08:41:35,450 - app.services.pet_service - INFO - å¤šé€‰å‚æ•°: pet_type=None, pet_skills=None, pet_special_effect=None
2025-07-13 08:41:35,466 - werkzeug - INFO - 127.0.0.1 - - [13/Jul/2025 08:41:35] "GET /api/v1/pet/?selectedDate=2025-07&sort_by=price&sort_order=desc&year=2025&month=07&page=1&page_size=10&level_min=150&level_max=180 HTTP/1.1" 200 -
2025-07-13 08:42:32,844 - app.controllers.pet_controller - INFO - æ”¶åˆ°ç­›é€‰å‚æ•°: {'page': '1', 'page_size': '10', 'year': '2025', 'month': '07', 'level_min': '150', 'level_max': '180', 'sort_by': 'price', 'sort_order': 'asc'}
2025-07-13 08:42:32,844 - app.controllers.pet_controller - INFO - æ”¶åˆ°ç­›é€‰å‚æ•°: {'page': '1', 'page_size': '10', 'year': '2025', 'month': '07', 'level_min': '150', 'level_max': '180', 'sort_by': 'price', 'sort_order': 'asc'}
2025-07-13 08:42:32,847 - app.controllers.pet_controller - INFO - å¤„ç†åçš„ç­›é€‰å‚æ•°: {'level_min': 150, 'level_max': 180, 'price_min': None, 'price_max': None, 'pet_type': None, 'pet_skills': None, 'pet_special_effect': None, 'pet_quality': None, 'pet_growth': None, 'pet_aptitude': None, 'pet_skill_count': None, 'sort_by': 'price', 'sort_order': 'asc'}
2025-07-13 08:42:32,847 - app.controllers.pet_controller - INFO - å¤„ç†åçš„ç­›é€‰å‚æ•°: {'level_min': 150, 'level_max': 180, 'price_min': None, 'price_max': None, 'pet_type': None, 'pet_skills': None, 'pet_special_effect': None, 'pet_quality': None, 'pet_growth': None, 'pet_aptitude': None, 'pet_skill_count': None, 'sort_by': 'price', 'sort_order': 'asc'}
2025-07-13 08:42:32,850 - app.services.pet_service - INFO - å¼€å§‹å¤„ç†ç­›é€‰æ¡ä»¶ï¼Œå‚æ•°: level_min=150, level_max=180, price_min=None, price_max=None
2025-07-13 08:42:32,850 - app.services.pet_service - INFO - å¼€å§‹å¤„ç†ç­›é€‰æ¡ä»¶ï¼Œå‚æ•°: level_min=150, level_max=180, price_min=None, price_max=None
2025-07-13 08:42:32,855 - app.services.pet_service - INFO - å¤šé€‰å‚æ•°: pet_type=None, pet_skills=None, pet_special_effect=None
2025-07-13 08:42:32,855 - app.services.pet_service - INFO - å¤šé€‰å‚æ•°: pet_type=None, pet_skills=None, pet_special_effect=None
2025-07-13 08:42:32,873 - werkzeug - INFO - 127.0.0.1 - - [13/Jul/2025 08:42:32] "GET /api/v1/pet/?selectedDate=2025-07&sort_by=price&sort_order=asc&year=2025&month=07&page=1&page_size=10&level_min=150&level_max=180 HTTP/1.1" 200 -
2025-07-13 08:42:35,671 - app.controllers.pet_controller - INFO - æ”¶åˆ°ç­›é€‰å‚æ•°: {'page': '1', 'page_size': '10', 'year': '2025', 'month': '07', 'level_min': '150', 'level_max': '180', 'sort_by': 'price', 'sort_order': 'asc'}
2025-07-13 08:42:35,671 - app.controllers.pet_controller - INFO - æ”¶åˆ°ç­›é€‰å‚æ•°: {'page': '1', 'page_size': '10', 'year': '2025', 'month': '07', 'level_min': '150', 'level_max': '180', 'sort_by': 'price', 'sort_order': 'asc'}
2025-07-13 08:42:35,688 - app.controllers.pet_controller - INFO - å¤„ç†åçš„ç­›é€‰å‚æ•°: {'level_min': 150, 'level_max': 180, 'price_min': None, 'price_max': None, 'pet_type': None, 'pet_skills': None, 'pet_special_effect': None, 'pet_quality': None, 'pet_growth': None, 'pet_aptitude': None, 'pet_skill_count': None, 'sort_by': 'price', 'sort_order': 'asc'}
2025-07-13 08:42:35,688 - app.controllers.pet_controller - INFO - å¤„ç†åçš„ç­›é€‰å‚æ•°: {'level_min': 150, 'level_max': 180, 'price_min': None, 'price_max': None, 'pet_type': None, 'pet_skills': None, 'pet_special_effect': None, 'pet_quality': None, 'pet_growth': None, 'pet_aptitude': None, 'pet_skill_count': None, 'sort_by': 'price', 'sort_order': 'asc'}
2025-07-13 08:42:35,722 - app.services.pet_service - INFO - å¼€å§‹å¤„ç†ç­›é€‰æ¡ä»¶ï¼Œå‚æ•°: level_min=150, level_max=180, price_min=None, price_max=None
2025-07-13 08:42:35,722 - app.services.pet_service - INFO - å¼€å§‹å¤„ç†ç­›é€‰æ¡ä»¶ï¼Œå‚æ•°: level_min=150, level_max=180, price_min=None, price_max=None
2025-07-13 08:42:35,825 - app.services.pet_service - INFO - å¤šé€‰å‚æ•°: pet_type=None, pet_skills=None, pet_special_effect=None
2025-07-13 08:42:35,825 - app.services.pet_service - INFO - å¤šé€‰å‚æ•°: pet_type=None, pet_skills=None, pet_special_effect=None
2025-07-13 08:42:35,847 - werkzeug - INFO - 127.0.0.1 - - [13/Jul/2025 08:42:35] "GET /api/v1/pet/?selectedDate=2025-07&sort_by=price&sort_order=asc&year=2025&month=07&page=1&page_size=10&level_min=150&level_max=180 HTTP/1.1" 200 -
2025-07-13 08:42:50,903 - app.controllers.pet_controller - INFO - æ”¶åˆ°ç­›é€‰å‚æ•°: {'page': '1', 'page_size': '10', 'year': '2025', 'month': '07', 'level_min': '150', 'level_max': '180', 'sort_by': 'price', 'sort_order': 'asc'}
2025-07-13 08:42:50,903 - app.controllers.pet_controller - INFO - æ”¶åˆ°ç­›é€‰å‚æ•°: {'page': '1', 'page_size': '10', 'year': '2025', 'month': '07', 'level_min': '150', 'level_max': '180', 'sort_by': 'price', 'sort_order': 'asc'}
2025-07-13 08:42:50,904 - app.controllers.pet_controller - INFO - å¤„ç†åçš„ç­›é€‰å‚æ•°: {'level_min': 150, 'level_max': 180, 'price_min': None, 'price_max': None, 'pet_type': None, 'pet_skills': None, 'pet_special_effect': None, 'pet_quality': None, 'pet_growth': None, 'pet_aptitude': None, 'pet_skill_count': None, 'sort_by': 'price', 'sort_order': 'asc'}
2025-07-13 08:42:50,904 - app.controllers.pet_controller - INFO - å¤„ç†åçš„ç­›é€‰å‚æ•°: {'level_min': 150, 'level_max': 180, 'price_min': None, 'price_max': None, 'pet_type': None, 'pet_skills': None, 'pet_special_effect': None, 'pet_quality': None, 'pet_growth': None, 'pet_aptitude': None, 'pet_skill_count': None, 'sort_by': 'price', 'sort_order': 'asc'}
2025-07-13 08:42:50,905 - app.services.pet_service - INFO - å¼€å§‹å¤„ç†ç­›é€‰æ¡ä»¶ï¼Œå‚æ•°: level_min=150, level_max=180, price_min=None, price_max=None
2025-07-13 08:42:50,905 - app.services.pet_service - INFO - å¼€å§‹å¤„ç†ç­›é€‰æ¡ä»¶ï¼Œå‚æ•°: level_min=150, level_max=180, price_min=None, price_max=None
2025-07-13 08:42:50,906 - app.services.pet_service - INFO - å¤šé€‰å‚æ•°: pet_type=None, pet_skills=None, pet_special_effect=None
2025-07-13 08:42:50,906 - app.services.pet_service - INFO - å¤šé€‰å‚æ•°: pet_type=None, pet_skills=None, pet_special_effect=None
2025-07-13 08:42:50,917 - werkzeug - INFO - 127.0.0.1 - - [13/Jul/2025 08:42:50] "GET /api/v1/pet/?selectedDate=2025-07&sort_by=price&sort_order=asc&year=2025&month=07&page=1&page_size=10&level_min=150&level_max=180 HTTP/1.1" 200 -
2025-07-13 08:43:06,541 - app.controllers.pet_controller - INFO - æ”¶åˆ°ç­›é€‰å‚æ•°: {'page': '1', 'page_size': '10', 'year': '2025', 'month': '07', 'level_min': '150', 'level_max': '180', 'sort_by': 'price', 'sort_order': 'asc'}
2025-07-13 08:43:06,541 - app.controllers.pet_controller - INFO - æ”¶åˆ°ç­›é€‰å‚æ•°: {'page': '1', 'page_size': '10', 'year': '2025', 'month': '07', 'level_min': '150', 'level_max': '180', 'sort_by': 'price', 'sort_order': 'asc'}
2025-07-13 08:43:06,542 - app.controllers.pet_controller - INFO - å¤„ç†åçš„ç­›é€‰å‚æ•°: {'level_min': 150, 'level_max': 180, 'price_min': None, 'price_max': None, 'pet_type': None, 'pet_skills': None, 'pet_special_effect': None, 'pet_quality': None, 'pet_growth': None, 'pet_aptitude': None, 'pet_skill_count': None, 'sort_by': 'price', 'sort_order': 'asc'}
2025-07-13 08:43:06,542 - app.controllers.pet_controller - INFO - å¤„ç†åçš„ç­›é€‰å‚æ•°: {'level_min': 150, 'level_max': 180, 'price_min': None, 'price_max': None, 'pet_type': None, 'pet_skills': None, 'pet_special_effect': None, 'pet_quality': None, 'pet_growth': None, 'pet_aptitude': None, 'pet_skill_count': None, 'sort_by': 'price', 'sort_order': 'asc'}
2025-07-13 08:43:06,543 - app.services.pet_service - INFO - å¼€å§‹å¤„ç†ç­›é€‰æ¡ä»¶ï¼Œå‚æ•°: level_min=150, level_max=180, price_min=None, price_max=None
2025-07-13 08:43:06,543 - app.services.pet_service - INFO - å¼€å§‹å¤„ç†ç­›é€‰æ¡ä»¶ï¼Œå‚æ•°: level_min=150, level_max=180, price_min=None, price_max=None
2025-07-13 08:43:06,543 - app.services.pet_service - INFO - å¤šé€‰å‚æ•°: pet_type=None, pet_skills=None, pet_special_effect=None
2025-07-13 08:43:06,543 - app.services.pet_service - INFO - å¤šé€‰å‚æ•°: pet_type=None, pet_skills=None, pet_special_effect=None
2025-07-13 08:43:06,555 - werkzeug - INFO - 127.0.0.1 - - [13/Jul/2025 08:43:06] "GET /api/v1/pet/?selectedDate=2025-07&sort_by=price&sort_order=asc&year=2025&month=07&page=1&page_size=10&level_min=150&level_max=180 HTTP/1.1" 200 -
2025-07-13 08:43:18,003 - app.controllers.pet_controller - INFO - æ”¶åˆ°ç­›é€‰å‚æ•°: {'page': '1', 'page_size': '10', 'year': '2025', 'month': '07', 'level_min': '150', 'level_max': '180', 'sort_by': 'price', 'sort_order': 'asc'}
2025-07-13 08:43:18,003 - app.controllers.pet_controller - INFO - æ”¶åˆ°ç­›é€‰å‚æ•°: {'page': '1', 'page_size': '10', 'year': '2025', 'month': '07', 'level_min': '150', 'level_max': '180', 'sort_by': 'price', 'sort_order': 'asc'}
2025-07-13 08:43:18,009 - app.controllers.pet_controller - INFO - å¤„ç†åçš„ç­›é€‰å‚æ•°: {'level_min': 150, 'level_max': 180, 'price_min': None, 'price_max': None, 'pet_type': None, 'pet_skills': None, 'pet_special_effect': None, 'pet_quality': None, 'pet_growth': None, 'pet_aptitude': None, 'pet_skill_count': None, 'sort_by': 'price', 'sort_order': 'asc'}
2025-07-13 08:43:18,009 - app.controllers.pet_controller - INFO - å¤„ç†åçš„ç­›é€‰å‚æ•°: {'level_min': 150, 'level_max': 180, 'price_min': None, 'price_max': None, 'pet_type': None, 'pet_skills': None, 'pet_special_effect': None, 'pet_quality': None, 'pet_growth': None, 'pet_aptitude': None, 'pet_skill_count': None, 'sort_by': 'price', 'sort_order': 'asc'}
2025-07-13 08:43:18,010 - app.services.pet_service - INFO - å¼€å§‹å¤„ç†ç­›é€‰æ¡ä»¶ï¼Œå‚æ•°: level_min=150, level_max=180, price_min=None, price_max=None
2025-07-13 08:43:18,010 - app.services.pet_service - INFO - å¼€å§‹å¤„ç†ç­›é€‰æ¡ä»¶ï¼Œå‚æ•°: level_min=150, level_max=180, price_min=None, price_max=None
2025-07-13 08:43:18,010 - app.services.pet_service - INFO - å¤šé€‰å‚æ•°: pet_type=None, pet_skills=None, pet_special_effect=None
2025-07-13 08:43:18,010 - app.services.pet_service - INFO - å¤šé€‰å‚æ•°: pet_type=None, pet_skills=None, pet_special_effect=None
2025-07-13 08:43:18,025 - werkzeug - INFO - 127.0.0.1 - - [13/Jul/2025 08:43:18] "GET /api/v1/pet/?selectedDate=2025-07&sort_by=price&sort_order=asc&year=2025&month=07&page=1&page_size=10&level_min=150&level_max=180 HTTP/1.1" 200 -
2025-07-13 08:43:27,835 - app.controllers.pet_controller - INFO - æ”¶åˆ°ç­›é€‰å‚æ•°: {'page': '1', 'page_size': '10', 'year': '2025', 'month': '07', 'level_min': '150', 'level_max': '180', 'sort_by': 'price', 'sort_order': 'asc'}
2025-07-13 08:43:27,835 - app.controllers.pet_controller - INFO - æ”¶åˆ°ç­›é€‰å‚æ•°: {'page': '1', 'page_size': '10', 'year': '2025', 'month': '07', 'level_min': '150', 'level_max': '180', 'sort_by': 'price', 'sort_order': 'asc'}
2025-07-13 08:43:27,836 - app.controllers.pet_controller - INFO - å¤„ç†åçš„ç­›é€‰å‚æ•°: {'level_min': 150, 'level_max': 180, 'price_min': None, 'price_max': None, 'pet_type': None, 'pet_skills': None, 'pet_special_effect': None, 'pet_quality': None, 'pet_growth': None, 'pet_aptitude': None, 'pet_skill_count': None, 'sort_by': 'price', 'sort_order': 'asc'}
2025-07-13 08:43:27,836 - app.controllers.pet_controller - INFO - å¤„ç†åçš„ç­›é€‰å‚æ•°: {'level_min': 150, 'level_max': 180, 'price_min': None, 'price_max': None, 'pet_type': None, 'pet_skills': None, 'pet_special_effect': None, 'pet_quality': None, 'pet_growth': None, 'pet_aptitude': None, 'pet_skill_count': None, 'sort_by': 'price', 'sort_order': 'asc'}
2025-07-13 08:43:27,838 - app.services.pet_service - INFO - å¼€å§‹å¤„ç†ç­›é€‰æ¡ä»¶ï¼Œå‚æ•°: level_min=150, level_max=180, price_min=None, price_max=None
2025-07-13 08:43:27,838 - app.services.pet_service - INFO - å¼€å§‹å¤„ç†ç­›é€‰æ¡ä»¶ï¼Œå‚æ•°: level_min=150, level_max=180, price_min=None, price_max=None
2025-07-13 08:43:27,839 - app.services.pet_service - INFO - å¤šé€‰å‚æ•°: pet_type=None, pet_skills=None, pet_special_effect=None
2025-07-13 08:43:27,839 - app.services.pet_service - INFO - å¤šé€‰å‚æ•°: pet_type=None, pet_skills=None, pet_special_effect=None
2025-07-13 08:43:27,849 - werkzeug - INFO - 127.0.0.1 - - [13/Jul/2025 08:43:27] "GET /api/v1/pet/?selectedDate=2025-07&sort_by=price&sort_order=asc&year=2025&month=07&page=1&page_size=10&level_min=150&level_max=180 HTTP/1.1" 200 -
2025-07-13 08:43:30,003 - app.controllers.pet_controller - INFO - æ”¶åˆ°ç­›é€‰å‚æ•°: {'page': '1', 'page_size': '10', 'year': '2025', 'month': '07', 'level_min': '150', 'level_max': '180', 'sort_by': 'price', 'sort_order': 'desc'}
2025-07-13 08:43:30,003 - app.controllers.pet_controller - INFO - æ”¶åˆ°ç­›é€‰å‚æ•°: {'page': '1', 'page_size': '10', 'year': '2025', 'month': '07', 'level_min': '150', 'level_max': '180', 'sort_by': 'price', 'sort_order': 'desc'}
2025-07-13 08:43:30,004 - app.controllers.pet_controller - INFO - å¤„ç†åçš„ç­›é€‰å‚æ•°: {'level_min': 150, 'level_max': 180, 'price_min': None, 'price_max': None, 'pet_type': None, 'pet_skills': None, 'pet_special_effect': None, 'pet_quality': None, 'pet_growth': None, 'pet_aptitude': None, 'pet_skill_count': None, 'sort_by': 'price', 'sort_order': 'desc'}
2025-07-13 08:43:30,004 - app.controllers.pet_controller - INFO - å¤„ç†åçš„ç­›é€‰å‚æ•°: {'level_min': 150, 'level_max': 180, 'price_min': None, 'price_max': None, 'pet_type': None, 'pet_skills': None, 'pet_special_effect': None, 'pet_quality': None, 'pet_growth': None, 'pet_aptitude': None, 'pet_skill_count': None, 'sort_by': 'price', 'sort_order': 'desc'}
2025-07-13 08:43:30,005 - app.services.pet_service - INFO - å¼€å§‹å¤„ç†ç­›é€‰æ¡ä»¶ï¼Œå‚æ•°: level_min=150, level_max=180, price_min=None, price_max=None
2025-07-13 08:43:30,005 - app.services.pet_service - INFO - å¼€å§‹å¤„ç†ç­›é€‰æ¡ä»¶ï¼Œå‚æ•°: level_min=150, level_max=180, price_min=None, price_max=None
2025-07-13 08:43:30,006 - app.services.pet_service - INFO - å¤šé€‰å‚æ•°: pet_type=None, pet_skills=None, pet_special_effect=None
2025-07-13 08:43:30,006 - app.services.pet_service - INFO - å¤šé€‰å‚æ•°: pet_type=None, pet_skills=None, pet_special_effect=None
2025-07-13 08:43:30,017 - werkzeug - INFO - 127.0.0.1 - - [13/Jul/2025 08:43:30] "GET /api/v1/pet/?selectedDate=2025-07&sort_by=price&sort_order=desc&year=2025&month=07&page=1&page_size=10&level_min=150&level_max=180 HTTP/1.1" 200 -
2025-07-13 08:44:13,760 - app.controllers.pet_controller - INFO - æ”¶åˆ°ç­›é€‰å‚æ•°: {'page': '1', 'page_size': '10', 'year': '2025', 'month': '07', 'level_min': '150', 'level_max': '180', 'sort_by': 'price', 'sort_order': 'asc'}
2025-07-13 08:44:13,760 - app.controllers.pet_controller - INFO - æ”¶åˆ°ç­›é€‰å‚æ•°: {'page': '1', 'page_size': '10', 'year': '2025', 'month': '07', 'level_min': '150', 'level_max': '180', 'sort_by': 'price', 'sort_order': 'asc'}
2025-07-13 08:44:13,761 - app.controllers.pet_controller - INFO - å¤„ç†åçš„ç­›é€‰å‚æ•°: {'level_min': 150, 'level_max': 180, 'price_min': None, 'price_max': None, 'pet_type': None, 'pet_skills': None, 'pet_special_effect': None, 'pet_quality': None, 'pet_growth': None, 'pet_aptitude': None, 'pet_skill_count': None, 'sort_by': 'price', 'sort_order': 'asc'}
2025-07-13 08:44:13,761 - app.controllers.pet_controller - INFO - å¤„ç†åçš„ç­›é€‰å‚æ•°: {'level_min': 150, 'level_max': 180, 'price_min': None, 'price_max': None, 'pet_type': None, 'pet_skills': None, 'pet_special_effect': None, 'pet_quality': None, 'pet_growth': None, 'pet_aptitude': None, 'pet_skill_count': None, 'sort_by': 'price', 'sort_order': 'asc'}
2025-07-13 08:44:13,762 - app.services.pet_service - INFO - å¼€å§‹å¤„ç†ç­›é€‰æ¡ä»¶ï¼Œå‚æ•°: level_min=150, level_max=180, price_min=None, price_max=None
2025-07-13 08:44:13,762 - app.services.pet_service - INFO - å¼€å§‹å¤„ç†ç­›é€‰æ¡ä»¶ï¼Œå‚æ•°: level_min=150, level_max=180, price_min=None, price_max=None
2025-07-13 08:44:13,762 - app.services.pet_service - INFO - å¤šé€‰å‚æ•°: pet_type=None, pet_skills=None, pet_special_effect=None
2025-07-13 08:44:13,762 - app.services.pet_service - INFO - å¤šé€‰å‚æ•°: pet_type=None, pet_skills=None, pet_special_effect=None
2025-07-13 08:44:13,778 - werkzeug - INFO - 127.0.0.1 - - [13/Jul/2025 08:44:13] "GET /api/v1/pet/?selectedDate=2025-07&sort_by=price&sort_order=asc&year=2025&month=07&page=1&page_size=10&level_min=150&level_max=180 HTTP/1.1" 200 -
2025-07-13 08:44:16,723 - app.controllers.pet_controller - INFO - æ”¶åˆ°ç­›é€‰å‚æ•°: {'page': '1', 'page_size': '10', 'year': '2025', 'month': '07', 'level_min': '150', 'level_max': '180', 'sort_by': 'price', 'sort_order': 'asc'}
2025-07-13 08:44:16,723 - app.controllers.pet_controller - INFO - æ”¶åˆ°ç­›é€‰å‚æ•°: {'page': '1', 'page_size': '10', 'year': '2025', 'month': '07', 'level_min': '150', 'level_max': '180', 'sort_by': 'price', 'sort_order': 'asc'}
2025-07-13 08:44:16,724 - app.controllers.pet_controller - INFO - å¤„ç†åçš„ç­›é€‰å‚æ•°: {'level_min': 150, 'level_max': 180, 'price_min': None, 'price_max': None, 'pet_type': None, 'pet_skills': None, 'pet_special_effect': None, 'pet_quality': None, 'pet_growth': None, 'pet_aptitude': None, 'pet_skill_count': None, 'sort_by': 'price', 'sort_order': 'asc'}
2025-07-13 08:44:16,724 - app.controllers.pet_controller - INFO - å¤„ç†åçš„ç­›é€‰å‚æ•°: {'level_min': 150, 'level_max': 180, 'price_min': None, 'price_max': None, 'pet_type': None, 'pet_skills': None, 'pet_special_effect': None, 'pet_quality': None, 'pet_growth': None, 'pet_aptitude': None, 'pet_skill_count': None, 'sort_by': 'price', 'sort_order': 'asc'}
2025-07-13 08:44:16,725 - app.services.pet_service - INFO - å¼€å§‹å¤„ç†ç­›é€‰æ¡ä»¶ï¼Œå‚æ•°: level_min=150, level_max=180, price_min=None, price_max=None
2025-07-13 08:44:16,725 - app.services.pet_service - INFO - å¼€å§‹å¤„ç†ç­›é€‰æ¡ä»¶ï¼Œå‚æ•°: level_min=150, level_max=180, price_min=None, price_max=None
2025-07-13 08:44:16,726 - app.services.pet_service - INFO - å¤šé€‰å‚æ•°: pet_type=None, pet_skills=None, pet_special_effect=None
2025-07-13 08:44:16,726 - app.services.pet_service - INFO - å¤šé€‰å‚æ•°: pet_type=None, pet_skills=None, pet_special_effect=None
2025-07-13 08:44:16,735 - werkzeug - INFO - 127.0.0.1 - - [13/Jul/2025 08:44:16] "GET /api/v1/pet/?selectedDate=2025-07&sort_by=price&sort_order=asc&year=2025&month=07&page=1&page_size=10&level_min=150&level_max=180 HTTP/1.1" 200 -
2025-07-13 08:44:18,317 - app.controllers.pet_controller - INFO - æ”¶åˆ°ç­›é€‰å‚æ•°: {'page': '1', 'page_size': '10', 'year': '2025', 'month': '07', 'level_min': '150', 'level_max': '180', 'sort_by': 'price', 'sort_order': 'desc'}
2025-07-13 08:44:18,317 - app.controllers.pet_controller - INFO - æ”¶åˆ°ç­›é€‰å‚æ•°: {'page': '1', 'page_size': '10', 'year': '2025', 'month': '07', 'level_min': '150', 'level_max': '180', 'sort_by': 'price', 'sort_order': 'desc'}
2025-07-13 08:44:18,322 - app.controllers.pet_controller - INFO - å¤„ç†åçš„ç­›é€‰å‚æ•°: {'level_min': 150, 'level_max': 180, 'price_min': None, 'price_max': None, 'pet_type': None, 'pet_skills': None, 'pet_special_effect': None, 'pet_quality': None, 'pet_growth': None, 'pet_aptitude': None, 'pet_skill_count': None, 'sort_by': 'price', 'sort_order': 'desc'}
2025-07-13 08:44:18,322 - app.controllers.pet_controller - INFO - å¤„ç†åçš„ç­›é€‰å‚æ•°: {'level_min': 150, 'level_max': 180, 'price_min': None, 'price_max': None, 'pet_type': None, 'pet_skills': None, 'pet_special_effect': None, 'pet_quality': None, 'pet_growth': None, 'pet_aptitude': None, 'pet_skill_count': None, 'sort_by': 'price', 'sort_order': 'desc'}
2025-07-13 08:44:18,332 - app.services.pet_service - INFO - å¼€å§‹å¤„ç†ç­›é€‰æ¡ä»¶ï¼Œå‚æ•°: level_min=150, level_max=180, price_min=None, price_max=None
2025-07-13 08:44:18,332 - app.services.pet_service - INFO - å¼€å§‹å¤„ç†ç­›é€‰æ¡ä»¶ï¼Œå‚æ•°: level_min=150, level_max=180, price_min=None, price_max=None
2025-07-13 08:44:18,333 - app.services.pet_service - INFO - å¤šé€‰å‚æ•°: pet_type=None, pet_skills=None, pet_special_effect=None
2025-07-13 08:44:18,333 - app.services.pet_service - INFO - å¤šé€‰å‚æ•°: pet_type=None, pet_skills=None, pet_special_effect=None
2025-07-13 08:44:18,345 - werkzeug - INFO - 127.0.0.1 - - [13/Jul/2025 08:44:18] "GET /api/v1/pet/?selectedDate=2025-07&sort_by=price&sort_order=desc&year=2025&month=07&page=1&page_size=10&level_min=150&level_max=180 HTTP/1.1" 200 -
2025-07-13 08:44:46,749 - app.controllers.pet_controller - INFO - æ”¶åˆ°ç­›é€‰å‚æ•°: {'page': '1', 'page_size': '10', 'year': '2025', 'month': '07', 'level_min': '150', 'level_max': '180', 'sort_by': 'price', 'sort_order': 'asc'}
2025-07-13 08:44:46,749 - app.controllers.pet_controller - INFO - æ”¶åˆ°ç­›é€‰å‚æ•°: {'page': '1', 'page_size': '10', 'year': '2025', 'month': '07', 'level_min': '150', 'level_max': '180', 'sort_by': 'price', 'sort_order': 'asc'}
2025-07-13 08:44:46,750 - app.controllers.pet_controller - INFO - å¤„ç†åçš„ç­›é€‰å‚æ•°: {'level_min': 150, 'level_max': 180, 'price_min': None, 'price_max': None, 'pet_type': None, 'pet_skills': None, 'pet_special_effect': None, 'pet_quality': None, 'pet_growth': None, 'pet_aptitude': None, 'pet_skill_count': None, 'sort_by': 'price', 'sort_order': 'asc'}
2025-07-13 08:44:46,750 - app.controllers.pet_controller - INFO - å¤„ç†åçš„ç­›é€‰å‚æ•°: {'level_min': 150, 'level_max': 180, 'price_min': None, 'price_max': None, 'pet_type': None, 'pet_skills': None, 'pet_special_effect': None, 'pet_quality': None, 'pet_growth': None, 'pet_aptitude': None, 'pet_skill_count': None, 'sort_by': 'price', 'sort_order': 'asc'}
2025-07-13 08:44:46,752 - app.services.pet_service - INFO - å¼€å§‹å¤„ç†ç­›é€‰æ¡ä»¶ï¼Œå‚æ•°: level_min=150, level_max=180, price_min=None, price_max=None
2025-07-13 08:44:46,752 - app.services.pet_service - INFO - å¼€å§‹å¤„ç†ç­›é€‰æ¡ä»¶ï¼Œå‚æ•°: level_min=150, level_max=180, price_min=None, price_max=None
2025-07-13 08:44:46,754 - app.services.pet_service - INFO - å¤šé€‰å‚æ•°: pet_type=None, pet_skills=None, pet_special_effect=None
2025-07-13 08:44:46,754 - app.services.pet_service - INFO - å¤šé€‰å‚æ•°: pet_type=None, pet_skills=None, pet_special_effect=None
2025-07-13 08:44:46,764 - werkzeug - INFO - 127.0.0.1 - - [13/Jul/2025 08:44:46] "GET /api/v1/pet/?selectedDate=2025-07&sort_by=price&sort_order=asc&year=2025&month=07&page=1&page_size=10&level_min=150&level_max=180 HTTP/1.1" 200 -
2025-07-13 08:44:47,915 - app.controllers.pet_controller - INFO - æ”¶åˆ°ç­›é€‰å‚æ•°: {'page': '1', 'page_size': '10', 'year': '2025', 'month': '07', 'level_min': '150', 'level_max': '180', 'sort_by': 'price', 'sort_order': 'asc'}
2025-07-13 08:44:47,915 - app.controllers.pet_controller - INFO - æ”¶åˆ°ç­›é€‰å‚æ•°: {'page': '1', 'page_size': '10', 'year': '2025', 'month': '07', 'level_min': '150', 'level_max': '180', 'sort_by': 'price', 'sort_order': 'asc'}
2025-07-13 08:44:47,916 - app.controllers.pet_controller - INFO - å¤„ç†åçš„ç­›é€‰å‚æ•°: {'level_min': 150, 'level_max': 180, 'price_min': None, 'price_max': None, 'pet_type': None, 'pet_skills': None, 'pet_special_effect': None, 'pet_quality': None, 'pet_growth': None, 'pet_aptitude': None, 'pet_skill_count': None, 'sort_by': 'price', 'sort_order': 'asc'}
2025-07-13 08:44:47,916 - app.controllers.pet_controller - INFO - å¤„ç†åçš„ç­›é€‰å‚æ•°: {'level_min': 150, 'level_max': 180, 'price_min': None, 'price_max': None, 'pet_type': None, 'pet_skills': None, 'pet_special_effect': None, 'pet_quality': None, 'pet_growth': None, 'pet_aptitude': None, 'pet_skill_count': None, 'sort_by': 'price', 'sort_order': 'asc'}
2025-07-13 08:44:47,917 - app.services.pet_service - INFO - å¼€å§‹å¤„ç†ç­›é€‰æ¡ä»¶ï¼Œå‚æ•°: level_min=150, level_max=180, price_min=None, price_max=None
2025-07-13 08:44:47,917 - app.services.pet_service - INFO - å¼€å§‹å¤„ç†ç­›é€‰æ¡ä»¶ï¼Œå‚æ•°: level_min=150, level_max=180, price_min=None, price_max=None
2025-07-13 08:44:47,918 - app.services.pet_service - INFO - å¤šé€‰å‚æ•°: pet_type=None, pet_skills=None, pet_special_effect=None
2025-07-13 08:44:47,918 - app.services.pet_service - INFO - å¤šé€‰å‚æ•°: pet_type=None, pet_skills=None, pet_special_effect=None
2025-07-13 08:44:47,929 - werkzeug - INFO - 127.0.0.1 - - [13/Jul/2025 08:44:47] "GET /api/v1/pet/?selectedDate=2025-07&sort_by=price&sort_order=asc&year=2025&month=07&page=1&page_size=10&level_min=150&level_max=180 HTTP/1.1" 200 -
2025-07-13 08:44:48,847 - app.controllers.pet_controller - INFO - æ”¶åˆ°ç­›é€‰å‚æ•°: {'page': '1', 'page_size': '10', 'year': '2025', 'month': '07', 'level_min': '150', 'level_max': '180', 'sort_by': 'price', 'sort_order': 'desc'}
2025-07-13 08:44:48,847 - app.controllers.pet_controller - INFO - æ”¶åˆ°ç­›é€‰å‚æ•°: {'page': '1', 'page_size': '10', 'year': '2025', 'month': '07', 'level_min': '150', 'level_max': '180', 'sort_by': 'price', 'sort_order': 'desc'}
2025-07-13 08:44:48,848 - app.controllers.pet_controller - INFO - å¤„ç†åçš„ç­›é€‰å‚æ•°: {'level_min': 150, 'level_max': 180, 'price_min': None, 'price_max': None, 'pet_type': None, 'pet_skills': None, 'pet_special_effect': None, 'pet_quality': None, 'pet_growth': None, 'pet_aptitude': None, 'pet_skill_count': None, 'sort_by': 'price', 'sort_order': 'desc'}
2025-07-13 08:44:48,848 - app.controllers.pet_controller - INFO - å¤„ç†åçš„ç­›é€‰å‚æ•°: {'level_min': 150, 'level_max': 180, 'price_min': None, 'price_max': None, 'pet_type': None, 'pet_skills': None, 'pet_special_effect': None, 'pet_quality': None, 'pet_growth': None, 'pet_aptitude': None, 'pet_skill_count': None, 'sort_by': 'price', 'sort_order': 'desc'}
2025-07-13 08:44:48,856 - app.services.pet_service - INFO - å¼€å§‹å¤„ç†ç­›é€‰æ¡ä»¶ï¼Œå‚æ•°: level_min=150, level_max=180, price_min=None, price_max=None
2025-07-13 08:44:48,856 - app.services.pet_service - INFO - å¼€å§‹å¤„ç†ç­›é€‰æ¡ä»¶ï¼Œå‚æ•°: level_min=150, level_max=180, price_min=None, price_max=None
2025-07-13 08:44:48,857 - app.services.pet_service - INFO - å¤šé€‰å‚æ•°: pet_type=None, pet_skills=None, pet_special_effect=None
2025-07-13 08:44:48,857 - app.services.pet_service - INFO - å¤šé€‰å‚æ•°: pet_type=None, pet_skills=None, pet_special_effect=None
2025-07-13 08:44:48,869 - werkzeug - INFO - 127.0.0.1 - - [13/Jul/2025 08:44:48] "GET /api/v1/pet/?selectedDate=2025-07&sort_by=price&sort_order=desc&year=2025&month=07&page=1&page_size=10&level_min=150&level_max=180 HTTP/1.1" 200 -
2025-07-13 08:45:20,225 - werkzeug - INFO -  * Detected change in 'E:\\workspace\\mh\\src\\spider\\helper\\decode_desc.py', reloading
2025-07-13 08:45:20,510 - werkzeug - INFO -  * Restarting with stat
2025-07-13 08:45:22,678 - werkzeug - WARNING -  * Debugger is active!
2025-07-13 08:45:22,684 - werkzeug - INFO -  * Debugger PIN: 137-106-568
2025-07-13 08:45:51,015 - app.controllers.pet_controller - INFO - æ”¶åˆ°ç­›é€‰å‚æ•°: {'page': '1', 'page_size': '10', 'year': '2025', 'month': '07', 'level_min': '150', 'level_max': '180', 'sort_by': 'price', 'sort_order': 'asc'}
2025-07-13 08:45:51,015 - app.controllers.pet_controller - INFO - æ”¶åˆ°ç­›é€‰å‚æ•°: {'page': '1', 'page_size': '10', 'year': '2025', 'month': '07', 'level_min': '150', 'level_max': '180', 'sort_by': 'price', 'sort_order': 'asc'}
2025-07-13 08:45:51,015 - app.controllers.pet_controller - INFO - å¤„ç†åçš„ç­›é€‰å‚æ•°: {'level_min': 150, 'level_max': 180, 'price_min': None, 'price_max': None, 'pet_type': None, 'pet_skills': None, 'pet_special_effect': None, 'pet_quality': None, 'pet_growth': None, 'pet_aptitude': None, 'pet_skill_count': None, 'sort_by': 'price', 'sort_order': 'asc'}
2025-07-13 08:45:51,015 - app.controllers.pet_controller - INFO - å¤„ç†åçš„ç­›é€‰å‚æ•°: {'level_min': 150, 'level_max': 180, 'price_min': None, 'price_max': None, 'pet_type': None, 'pet_skills': None, 'pet_special_effect': None, 'pet_quality': None, 'pet_growth': None, 'pet_aptitude': None, 'pet_skill_count': None, 'sort_by': 'price', 'sort_order': 'asc'}
2025-07-13 08:45:51,017 - app.services.pet_service - INFO - å¼€å§‹å¤„ç†ç­›é€‰æ¡ä»¶ï¼Œå‚æ•°: level_min=150, level_max=180, price_min=None, price_max=None
2025-07-13 08:45:51,017 - app.services.pet_service - INFO - å¼€å§‹å¤„ç†ç­›é€‰æ¡ä»¶ï¼Œå‚æ•°: level_min=150, level_max=180, price_min=None, price_max=None
2025-07-13 08:45:51,018 - app.services.pet_service - INFO - å¤šé€‰å‚æ•°: pet_type=None, pet_skills=None, pet_special_effect=None
2025-07-13 08:45:51,018 - app.services.pet_service - INFO - å¤šé€‰å‚æ•°: pet_type=None, pet_skills=None, pet_special_effect=None
2025-07-13 08:45:51,030 - werkzeug - INFO - 127.0.0.1 - - [13/Jul/2025 08:45:51] "GET /api/v1/pet/?selectedDate=2025-07&sort_by=price&sort_order=asc&year=2025&month=07&page=1&page_size=10&level_min=150&level_max=180 HTTP/1.1" 200 -
2025-07-13 08:45:51,066 - werkzeug - INFO -  * Detected change in 'E:\\workspace\\mh\\src\\spider\\helper\\test_compare.py', reloading
2025-07-13 08:45:51,308 - werkzeug - INFO -  * Restarting with stat
2025-07-13 08:45:53,162 - werkzeug - WARNING -  * Debugger is active!
2025-07-13 08:45:53,168 - werkzeug - INFO -  * Debugger PIN: 137-106-568
2025-07-13 08:46:55,856 - werkzeug - INFO -  * Detected change in 'E:\\workspace\\mh\\src\\spider\\helper\\decode_desc.py', reloading
2025-07-13 08:46:56,090 - werkzeug - INFO -  * Restarting with stat
2025-07-13 08:46:58,539 - werkzeug - WARNING -  * Debugger is active!
2025-07-13 08:46:58,545 - werkzeug - INFO -  * Debugger PIN: 137-106-568
2025-07-13 08:47:03,615 - werkzeug - INFO -  * Detected change in 'E:\\workspace\\mh\\src\\spider\\helper\\test_compare.py', reloading
2025-07-13 08:47:03,810 - werkzeug - INFO -  * Restarting with stat
2025-07-13 08:47:05,742 - werkzeug - WARNING -  * Debugger is active!
2025-07-13 08:47:05,748 - werkzeug - INFO -  * Debugger PIN: 137-106-568
2025-07-13 08:47:34,142 - werkzeug - INFO -  * Detected change in 'E:\\workspace\\mh\\src\\spider\\helper\\decode_desc.py', reloading
2025-07-13 08:47:34,339 - werkzeug - INFO -  * Restarting with stat
2025-07-13 08:47:36,226 - werkzeug - WARNING -  * Debugger is active!
2025-07-13 08:47:36,232 - werkzeug - INFO -  * Debugger PIN: 137-106-568
2025-07-13 08:47:49,475 - werkzeug - INFO -  * Detected change in 'E:\\workspace\\mh\\src\\spider\\helper\\decode_desc.py', reloading
2025-07-13 08:47:49,700 - werkzeug - INFO -  * Restarting with stat
2025-07-13 08:47:51,897 - werkzeug - WARNING -  * Debugger is active!
2025-07-13 08:47:51,905 - werkzeug - INFO -  * Debugger PIN: 137-106-568
2025-07-13 08:47:55,991 - werkzeug - INFO -  * Detected change in 'E:\\workspace\\mh\\src\\spider\\helper\\decode_desc.py', reloading
2025-07-13 08:47:56,190 - werkzeug - INFO -  * Restarting with stat
2025-07-13 08:47:58,086 - werkzeug - WARNING -  * Debugger is active!
2025-07-13 08:47:58,092 - werkzeug - INFO -  * Debugger PIN: 137-106-568
2025-07-13 08:48:00,926 - werkzeug - INFO -  * Detected change in 'E:\\workspace\\mh\\src\\spider\\helper\\decode_desc.py', reloading
2025-07-13 08:48:01,099 - werkzeug - INFO -  * Restarting with stat
2025-07-13 08:48:03,011 - werkzeug - WARNING -  * Debugger is active!
2025-07-13 08:48:03,021 - werkzeug - INFO -  * Debugger PIN: 137-106-568
2025-07-13 08:48:04,590 - werkzeug - INFO -  * Detected change in 'E:\\workspace\\mh\\src\\spider\\helper\\decode_desc.py', reloading
2025-07-13 08:48:04,771 - werkzeug - INFO -  * Restarting with stat
2025-07-13 08:48:06,770 - werkzeug - WARNING -  * Debugger is active!
2025-07-13 08:48:06,776 - werkzeug - INFO -  * Debugger PIN: 137-106-568
2025-07-13 08:48:29,104 - werkzeug - INFO -  * Detected change in 'E:\\workspace\\mh\\src\\spider\\helper\\test_compare.py', reloading
2025-07-13 08:48:29,311 - werkzeug - INFO -  * Restarting with stat
2025-07-13 08:48:31,059 - werkzeug - WARNING -  * Debugger is active!
2025-07-13 08:48:31,065 - werkzeug - INFO -  * Debugger PIN: 137-106-568
2025-07-13 08:49:13,041 - werkzeug - INFO -  * Detected change in 'E:\\workspace\\mh\\src\\spider\\helper\\test_compare.py', reloading
2025-07-13 08:49:13,251 - werkzeug - INFO -  * Restarting with stat
2025-07-13 08:49:15,262 - werkzeug - WARNING -  * Debugger is active!
2025-07-13 08:49:15,268 - werkzeug - INFO -  * Debugger PIN: 137-106-568
2025-07-13 08:49:21,719 - werkzeug - INFO -  * Detected change in 'E:\\workspace\\mh\\src\\spider\\helper\\test_compare.py', reloading
2025-07-13 08:49:21,892 - werkzeug - INFO -  * Restarting with stat
2025-07-13 08:49:23,911 - werkzeug - WARNING -  * Debugger is active!
2025-07-13 08:49:23,917 - werkzeug - INFO -  * Debugger PIN: 137-106-568
2025-07-13 08:49:31,504 - werkzeug - INFO -  * Detected change in 'E:\\workspace\\mh\\src\\spider\\helper\\test_compare.py', reloading
2025-07-13 08:49:31,722 - werkzeug - INFO -  * Restarting with stat
2025-07-13 08:49:33,592 - werkzeug - WARNING -  * Debugger is active!
2025-07-13 08:49:33,598 - werkzeug - INFO -  * Debugger PIN: 137-106-568
2025-07-13 08:49:51,330 - werkzeug - INFO -  * Detected change in 'E:\\workspace\\mh\\src\\spider\\helper\\decode_desc.py', reloading
2025-07-13 08:49:51,519 - werkzeug - INFO -  * Restarting with stat
2025-07-13 08:49:53,440 - werkzeug - WARNING -  * Debugger is active!
2025-07-13 08:49:53,446 - werkzeug - INFO -  * Debugger PIN: 137-106-568
